Using pre-set license
Built from '2020.3/staging' branch; Version is '2020.3.30f1 (1fb1bf06830e) revision 2077119'; Using compiler version '192528614'; Build Type 'Release'
OS: 'Windows 10  (10.0.19043) 64bit Professional' Language: 'pl' Physical Memory: 16366 MB
BatchMode: 1, IsHumanControllingUs: 0, StartBugReporterOnCrash: 0, Is64bit: 1, IsPro: 0

COMMAND LINE ARGUMENTS:
D:\unity\2020.3.30f1\Editor\Unity.exe
-adb2
-batchMode
-noUpm
-name
AssetImportWorker0
-projectPath
E:/Projekty/GameEducational_UnityProject/files
-logFile
Logs/AssetImportWorker0.log
-srvPort
61464
Successfully changed project path to: E:/Projekty/GameEducational_UnityProject/files
E:/Projekty/GameEducational_UnityProject/files
Using Asset Import Pipeline V2.
Refreshing native plugins compatible for Editor in 116.59 ms, found 3 plugins.
Preloading 0 native plugins for Editor in 0.00 ms.
Initialize engine version: 2020.3.30f1 (1fb1bf06830e)
[Subsystems] Discovering subsystems at path D:/unity/2020.3.30f1/Editor/Data/Resources/UnitySubsystems
[Subsystems] Discovering subsystems at path E:/Projekty/GameEducational_UnityProject/files/Assets
GfxDevice: creating device client; threaded=0
Direct3D:
    Version:  Direct3D 11.0 [level 11.1]
    Renderer: NVIDIA GeForce GTX 960 (ID=0x1401)
    Vendor:   
    VRAM:     2007 MB
    Driver:   26.21.14.4587
Initialize mono
Mono path[0] = 'D:/unity/2020.3.30f1/Editor/Data/Managed'
Mono path[1] = 'D:/unity/2020.3.30f1/Editor/Data/MonoBleedingEdge/lib/mono/unityjit'
Mono config path = 'D:/unity/2020.3.30f1/Editor/Data/MonoBleedingEdge/etc'
Using monoOptions --debugger-agent=transport=dt_socket,embedding=1,server=y,suspend=n,address=127.0.0.1:56164
Begin MonoManager ReloadAssembly
Registering precompiled unity dll's ...
Register platform support module: D:/unity/2020.3.30f1/Editor/Data/PlaybackEngines/WebGLSupport/UnityEditor.WebGL.Extensions.dll
Register platform support module: D:/unity/2020.3.30f1/Editor/Data/PlaybackEngines/WindowsStandaloneSupport/UnityEditor.WindowsStandalone.Extensions.dll
Registered in 0.002875 seconds.
Native extension for WindowsStandalone target not found
Native extension for WebGL target not found
Refreshing native plugins compatible for Editor in 108.07 ms, found 3 plugins.
Preloading 0 native plugins for Editor in 0.00 ms.
Mono: successfully reloaded assembly
- Completed reload, in  1.339 seconds
Domain Reload Profiling:
	ReloadAssembly (1340ms)
		BeginReloadAssembly (124ms)
			ExecutionOrderSort (0ms)
			DisableScriptedObjects (0ms)
			BackupInstance (0ms)
			ReleaseScriptingObjects (0ms)
			CreateAndSetChildDomain (1ms)
		EndReloadAssembly (1072ms)
			LoadAssemblies (123ms)
			RebuildTransferFunctionScriptingTraits (0ms)
			SetupTypeCache (412ms)
			ReleaseScriptCaches (0ms)
			RebuildScriptCaches (65ms)
			SetupLoadedEditorAssemblies (398ms)
				LogAssemblyErrors (0ms)
				InitializePlatformSupportModulesInManaged (13ms)
				SetLoadedEditorAssemblies (0ms)
				RefreshPlugins (108ms)
				BeforeProcessingInitializeOnLoad (33ms)
				ProcessInitializeOnLoadAttributes (181ms)
				ProcessInitializeOnLoadMethodAttributes (61ms)
				AfterProcessingInitializeOnLoad (0ms)
				EditorAssembliesLoaded (0ms)
			ExecutionOrderSort2 (0ms)
			AwakeInstancesAfterBackupRestoration (0ms)
Platform modules already initialized, skipping
Registering precompiled user dll's ...
Registered in 0.007669 seconds.
Begin MonoManager ReloadAssembly
Native extension for WindowsStandalone target not found
Native extension for WebGL target not found
Refreshing native plugins compatible for Editor in 111.49 ms, found 3 plugins.
Preloading 0 native plugins for Editor in 0.00 ms.
Mono: successfully reloaded assembly
- Completed reload, in  2.538 seconds
Domain Reload Profiling:
	ReloadAssembly (2540ms)
		BeginReloadAssembly (327ms)
			ExecutionOrderSort (0ms)
			DisableScriptedObjects (12ms)
			BackupInstance (0ms)
			ReleaseScriptingObjects (0ms)
			CreateAndSetChildDomain (37ms)
		EndReloadAssembly (2075ms)
			LoadAssemblies (223ms)
			RebuildTransferFunctionScriptingTraits (0ms)
			SetupTypeCache (694ms)
			ReleaseScriptCaches (1ms)
			RebuildScriptCaches (104ms)
			SetupLoadedEditorAssemblies (818ms)
				LogAssemblyErrors (0ms)
				InitializePlatformSupportModulesInManaged (7ms)
				SetLoadedEditorAssemblies (0ms)
				RefreshPlugins (112ms)
				BeforeProcessingInitializeOnLoad (208ms)
				ProcessInitializeOnLoadAttributes (453ms)
				ProcessInitializeOnLoadMethodAttributes (33ms)
				AfterProcessingInitializeOnLoad (5ms)
				EditorAssembliesLoaded (0ms)
			ExecutionOrderSort2 (0ms)
			AwakeInstancesAfterBackupRestoration (14ms)
Platform modules already initialized, skipping
========================================================================
Worker process is ready to serve import requests
Launched and connected shader compiler UnityShaderCompiler.exe after 0.11 seconds
Refreshing native plugins compatible for Editor in 1.09 ms, found 3 plugins.
Preloading 0 native plugins for Editor in 0.00 ms.
Unloading 2257 Unused Serialized files (Serialized files now loaded: 0)
System memory in use before: 99.5 MB.
System memory in use after: 99.5 MB.

Unloading 31 unused Assets to reduce memory usage. Loaded Objects now: 2688.
Total: 7.835800 ms (FindLiveObjects: 1.204200 ms CreateObjectMapping: 0.190200 ms MarkObjects: 5.838200 ms  DeleteObjects: 0.601000 ms)

AssetImportParameters requested are different than current active one (requested -> active):
  custom:framework-win-MediaFoundation: 216162199b28c13a410421893ffa2e32 -> 
  custom:video-decoder-ogg-theora: a1e56fd34408186e4bbccfd4996cb3dc -> 
  custom:container-muxer-webm: aa71ff27fc2769a1b78a27578f13a17b -> 
  custom:container-demuxer-webm: 4f35f7cbe854078d1ac9338744f61a02 -> 
  custom:container-demuxer-ogg: 62fdf1f143b41e24485cea50d1cbac27 -> 
  custom:video-encoder-webm-vp8: eb34c28f22e8b96e1ab97ce403110664 -> 
  custom:video-decoder-webm-vp8: 9c59270c3fd7afecdb556c50c9e8de78 -> 
  custom:audio-decoder-ogg-vorbis: bf7c407c2cedff20999df2af8eb42d56 -> 
  custom:audio-encoder-webm-vorbis: bf7c407c2cedff20999df2af8eb42d56 -> 
========================================================================
Received Import Request.
  path: Assets/Scenes/scen_main_unlock.unity
  artifactKey: Guid(b7827f5665134c34182fa6f25a2c6a4e) Importer(815301076,1909f56bfc062723c751e8b465ee728b)
Start importing Assets/Scenes/scen_main_unlock.unity using Guid(b7827f5665134c34182fa6f25a2c6a4e) Importer(815301076,1909f56bfc062723c751e8b465ee728b)  -> (artifact id: '7e4fe1eac797a441f8147302791299da') in 0.037933 seconds 
========================================================================
Received Prepare
Registering precompiled user dll's ...
Registered in 0.005568 seconds.
Begin MonoManager ReloadAssembly
Native extension for WindowsStandalone target not found
Native extension for WebGL target not found
Refreshing native plugins compatible for Editor in 0.90 ms, found 3 plugins.
Preloading 0 native plugins for Editor in 0.00 ms.
Mono: successfully reloaded assembly
- Completed reload, in  2.014 seconds
Domain Reload Profiling:
	ReloadAssembly (2015ms)
		BeginReloadAssembly (246ms)
			ExecutionOrderSort (0ms)
			DisableScriptedObjects (15ms)
			BackupInstance (0ms)
			ReleaseScriptingObjects (0ms)
			CreateAndSetChildDomain (83ms)
		EndReloadAssembly (1650ms)
			LoadAssemblies (210ms)
			RebuildTransferFunctionScriptingTraits (0ms)
			SetupTypeCache (640ms)
			ReleaseScriptCaches (1ms)
			RebuildScriptCaches (94ms)
			SetupLoadedEditorAssemblies (536ms)
				LogAssemblyErrors (0ms)
				InitializePlatformSupportModulesInManaged (9ms)
				SetLoadedEditorAssemblies (1ms)
				RefreshPlugins (1ms)
				BeforeProcessingInitializeOnLoad (151ms)
				ProcessInitializeOnLoadAttributes (348ms)
				ProcessInitializeOnLoadMethodAttributes (21ms)
				AfterProcessingInitializeOnLoad (5ms)
				EditorAssembliesLoaded (0ms)
			ExecutionOrderSort2 (0ms)
			AwakeInstancesAfterBackupRestoration (16ms)
Platform modules already initialized, skipping
Refreshing native plugins compatible for Editor in 1.06 ms, found 3 plugins.
Preloading 0 native plugins for Editor in 0.00 ms.
Unloading 2239 Unused Serialized files (Serialized files now loaded: 0)
System memory in use before: 98.3 MB.
System memory in use after: 98.3 MB.

Unloading 20 unused Assets to reduce memory usage. Loaded Objects now: 2690.
Total: 4.825700 ms (FindLiveObjects: 0.324100 ms CreateObjectMapping: 0.116000 ms MarkObjects: 4.135100 ms  DeleteObjects: 0.249000 ms)

AssetImportParameters requested are different than current active one (requested -> active):
  custom:framework-win-MediaFoundation: 216162199b28c13a410421893ffa2e32 -> 
  custom:video-decoder-ogg-theora: a1e56fd34408186e4bbccfd4996cb3dc -> 
  custom:container-muxer-webm: aa71ff27fc2769a1b78a27578f13a17b -> 
  custom:container-demuxer-webm: 4f35f7cbe854078d1ac9338744f61a02 -> 
  custom:container-demuxer-ogg: 62fdf1f143b41e24485cea50d1cbac27 -> 
  custom:video-encoder-webm-vp8: eb34c28f22e8b96e1ab97ce403110664 -> 
  custom:video-decoder-webm-vp8: 9c59270c3fd7afecdb556c50c9e8de78 -> 
  custom:audio-decoder-ogg-vorbis: bf7c407c2cedff20999df2af8eb42d56 -> 
  custom:audio-encoder-webm-vorbis: bf7c407c2cedff20999df2af8eb42d56 -> 
========================================================================
Received Prepare
Registering precompiled user dll's ...
Registered in 0.004421 seconds.
Begin MonoManager ReloadAssembly
Native extension for WindowsStandalone target not found
Native extension for WebGL target not found
Refreshing native plugins compatible for Editor in 0.83 ms, found 3 plugins.
Preloading 0 native plugins for Editor in 0.00 ms.
Mono: successfully reloaded assembly
- Completed reload, in  2.246 seconds
Domain Reload Profiling:
	ReloadAssembly (2247ms)
		BeginReloadAssembly (229ms)
			ExecutionOrderSort (0ms)
			DisableScriptedObjects (12ms)
			BackupInstance (0ms)
			ReleaseScriptingObjects (0ms)
			CreateAndSetChildDomain (74ms)
		EndReloadAssembly (1887ms)
			LoadAssemblies (230ms)
			RebuildTransferFunctionScriptingTraits (0ms)
			SetupTypeCache (802ms)
			ReleaseScriptCaches (2ms)
			RebuildScriptCaches (93ms)
			SetupLoadedEditorAssemblies (556ms)
				LogAssemblyErrors (0ms)
				InitializePlatformSupportModulesInManaged (9ms)
				SetLoadedEditorAssemblies (1ms)
				RefreshPlugins (1ms)
				BeforeProcessingInitializeOnLoad (154ms)
				ProcessInitializeOnLoadAttributes (367ms)
				ProcessInitializeOnLoadMethodAttributes (18ms)
				AfterProcessingInitializeOnLoad (6ms)
				EditorAssembliesLoaded (0ms)
			ExecutionOrderSort2 (0ms)
			AwakeInstancesAfterBackupRestoration (20ms)
Platform modules already initialized, skipping
Refreshing native plugins compatible for Editor in 0.93 ms, found 3 plugins.
Preloading 0 native plugins for Editor in 0.00 ms.
Unloading 2239 Unused Serialized files (Serialized files now loaded: 0)
System memory in use before: 98.3 MB.
System memory in use after: 98.3 MB.

Unloading 20 unused Assets to reduce memory usage. Loaded Objects now: 2692.
Total: 9.273700 ms (FindLiveObjects: 0.497700 ms CreateObjectMapping: 0.135700 ms MarkObjects: 8.317600 ms  DeleteObjects: 0.320100 ms)

AssetImportParameters requested are different than current active one (requested -> active):
  custom:framework-win-MediaFoundation: 216162199b28c13a410421893ffa2e32 -> 
  custom:video-decoder-ogg-theora: a1e56fd34408186e4bbccfd4996cb3dc -> 
  custom:container-muxer-webm: aa71ff27fc2769a1b78a27578f13a17b -> 
  custom:container-demuxer-webm: 4f35f7cbe854078d1ac9338744f61a02 -> 
  custom:container-demuxer-ogg: 62fdf1f143b41e24485cea50d1cbac27 -> 
  custom:video-encoder-webm-vp8: eb34c28f22e8b96e1ab97ce403110664 -> 
  custom:video-decoder-webm-vp8: 9c59270c3fd7afecdb556c50c9e8de78 -> 
  custom:audio-decoder-ogg-vorbis: bf7c407c2cedff20999df2af8eb42d56 -> 
  custom:audio-encoder-webm-vorbis: bf7c407c2cedff20999df2af8eb42d56 -> 
========================================================================
Received Import Request.
  Time since last request: 2598.121182 seconds.
  path: Assets/Art/background.jpg
  artifactKey: Guid(4410d06cb38ac654fa7c8cf969f17568) Importer(815301076,1909f56bfc062723c751e8b465ee728b)
Start importing Assets/Art/background.jpg using Guid(4410d06cb38ac654fa7c8cf969f17568) Importer(815301076,1909f56bfc062723c751e8b465ee728b)  -> (artifact id: '33f8f18787a13432167182bcc758f63b') in 0.279949 seconds 
========================================================================
Received Import Request.
  Time since last request: 0.000570 seconds.
  path: Assets/Art/icons.jpg
  artifactKey: Guid(ee8a81e3f1b0ae5499f67db41131e14b) Importer(815301076,1909f56bfc062723c751e8b465ee728b)
Start importing Assets/Art/icons.jpg using Guid(ee8a81e3f1b0ae5499f67db41131e14b) Importer(815301076,1909f56bfc062723c751e8b465ee728b)  -> (artifact id: '6a90a320904845b3cdbb375bc7f3d434') in 0.062406 seconds 
========================================================================
Received Import Request.
  Time since last request: 0.000579 seconds.
  path: Assets/Art/phoneWith.jpg
  artifactKey: Guid(bf4e295252cf63b4c9d3d83fbff1244d) Importer(815301076,1909f56bfc062723c751e8b465ee728b)
Start importing Assets/Art/phoneWith.jpg using Guid(bf4e295252cf63b4c9d3d83fbff1244d) Importer(815301076,1909f56bfc062723c751e8b465ee728b)  -> (artifact id: 'a6f7cf95a21b4aac7e98c7ad805fed00') in 0.036426 seconds 
========================================================================
Received Import Request.
  Time since last request: 0.000537 seconds.
  path: Assets/Art/phoneWithout.jpg
  artifactKey: Guid(480f60a60ee4e724cbcd152e29ce401b) Importer(815301076,1909f56bfc062723c751e8b465ee728b)
Start importing Assets/Art/phoneWithout.jpg using Guid(480f60a60ee4e724cbcd152e29ce401b) Importer(815301076,1909f56bfc062723c751e8b465ee728b)  -> (artifact id: 'ce7db084333e4120aa740c29e7f19cf6') in 0.054917 seconds 
========================================================================
Received Import Request.
  Time since last request: 297.561101 seconds.
  path: Assets/Art/icons.jpg
  artifactKey: Guid(ee8a81e3f1b0ae5499f67db41131e14b) Importer(815301076,1909f56bfc062723c751e8b465ee728b)
Start importing Assets/Art/icons.jpg using Guid(ee8a81e3f1b0ae5499f67db41131e14b) Importer(815301076,1909f56bfc062723c751e8b465ee728b)  -> (artifact id: '5eb925b93fbe319a95948fd8808acf81') in 0.057826 seconds 
========================================================================
Received Import Request.
  Time since last request: 624.034915 seconds.
  path: Assets/Art/icons.jpg
  artifactKey: Guid(ee8a81e3f1b0ae5499f67db41131e14b) Importer(815301076,1909f56bfc062723c751e8b465ee728b)
Start importing Assets/Art/icons.jpg using Guid(ee8a81e3f1b0ae5499f67db41131e14b) Importer(815301076,1909f56bfc062723c751e8b465ee728b)  -> (artifact id: '0d7c5c75e6ae06ecbe222911c1f62308') in 0.198402 seconds 
========================================================================
Received Import Request.
  Time since last request: 69.563529 seconds.
  path: Assets/material
  artifactKey: Guid(73bb4358949259f4c92fa41a1557f773) Importer(815301076,1909f56bfc062723c751e8b465ee728b)
Start importing Assets/material using Guid(73bb4358949259f4c92fa41a1557f773) Importer(815301076,1909f56bfc062723c751e8b465ee728b)  -> (artifact id: '45ef2b2a24ed70ea761426a0c5baf0ed') in 0.004321 seconds 
========================================================================
Received Import Request.
  Time since last request: 20.161514 seconds.
  path: Assets/material/phone_1.mat
  artifactKey: Guid(08e413f0792cb564786359e33665c356) Importer(815301076,1909f56bfc062723c751e8b465ee728b)
Start importing Assets/material/phone_1.mat using Guid(08e413f0792cb564786359e33665c356) Importer(815301076,1909f56bfc062723c751e8b465ee728b)  -> (artifact id: '5538998903ca8ed6d7a9e9abbce279cc') in 0.176940 seconds 
========================================================================
Received Import Request.
  Time since last request: 683.420216 seconds.
  path: Assets/Art/phoneWithout.jpg
  artifactKey: Guid(480f60a60ee4e724cbcd152e29ce401b) Importer(815301076,1909f56bfc062723c751e8b465ee728b)
Start importing Assets/Art/phoneWithout.jpg using Guid(480f60a60ee4e724cbcd152e29ce401b) Importer(815301076,1909f56bfc062723c751e8b465ee728b)  -> (artifact id: '2142558ff8ecb6ae9fef188b0cccf145') in 0.162612 seconds 
========================================================================
Received Import Request.
  Time since last request: 217.087090 seconds.
  path: Assets/Art/phone_01.png
  artifactKey: Guid(c058bc5ea73cce64ba86eab1a5c89fee) Importer(815301076,1909f56bfc062723c751e8b465ee728b)
Start importing Assets/Art/phone_01.png using Guid(c058bc5ea73cce64ba86eab1a5c89fee) Importer(815301076,1909f56bfc062723c751e8b465ee728b)  -> (artifact id: 'b3e5549542556bd34565cc6dd17faffa') in 0.073874 seconds 
========================================================================
Received Prepare
Registering precompiled user dll's ...
Registered in 0.004345 seconds.
Begin MonoManager ReloadAssembly
Native extension for WindowsStandalone target not found
Native extension for WebGL target not found
Refreshing native plugins compatible for Editor in 0.86 ms, found 3 plugins.
Preloading 0 native plugins for Editor in 0.00 ms.
Mono: successfully reloaded assembly
- Completed reload, in  1.890 seconds
Domain Reload Profiling:
	ReloadAssembly (1891ms)
		BeginReloadAssembly (227ms)
			ExecutionOrderSort (0ms)
			DisableScriptedObjects (12ms)
			BackupInstance (0ms)
			ReleaseScriptingObjects (0ms)
			CreateAndSetChildDomain (93ms)
		EndReloadAssembly (1542ms)
			LoadAssemblies (169ms)
			RebuildTransferFunctionScriptingTraits (0ms)
			SetupTypeCache (585ms)
			ReleaseScriptCaches (2ms)
			RebuildScriptCaches (104ms)
			SetupLoadedEditorAssemblies (511ms)
				LogAssemblyErrors (0ms)
				InitializePlatformSupportModulesInManaged (8ms)
				SetLoadedEditorAssemblies (1ms)
				RefreshPlugins (1ms)
				BeforeProcessingInitializeOnLoad (141ms)
				ProcessInitializeOnLoadAttributes (339ms)
				ProcessInitializeOnLoadMethodAttributes (17ms)
				AfterProcessingInitializeOnLoad (5ms)
				EditorAssembliesLoaded (0ms)
			ExecutionOrderSort2 (0ms)
			AwakeInstancesAfterBackupRestoration (16ms)
Platform modules already initialized, skipping
Refreshing native plugins compatible for Editor in 0.93 ms, found 3 plugins.
Preloading 0 native plugins for Editor in 0.00 ms.
Unloading 2239 Unused Serialized files (Serialized files now loaded: 0)
System memory in use before: 101.9 MB.
System memory in use after: 102.0 MB.

Unloading 20 unused Assets to reduce memory usage. Loaded Objects now: 2745.
Total: 5.220700 ms (FindLiveObjects: 0.414300 ms CreateObjectMapping: 0.353700 ms MarkObjects: 4.242700 ms  DeleteObjects: 0.208500 ms)

AssetImportParameters requested are different than current active one (requested -> active):
  custom:framework-win-MediaFoundation: 216162199b28c13a410421893ffa2e32 -> 
  custom:video-decoder-ogg-theora: a1e56fd34408186e4bbccfd4996cb3dc -> 
  custom:container-muxer-webm: aa71ff27fc2769a1b78a27578f13a17b -> 
  custom:container-demuxer-webm: 4f35f7cbe854078d1ac9338744f61a02 -> 
  custom:container-demuxer-ogg: 62fdf1f143b41e24485cea50d1cbac27 -> 
  custom:video-encoder-webm-vp8: eb34c28f22e8b96e1ab97ce403110664 -> 
  custom:video-decoder-webm-vp8: 9c59270c3fd7afecdb556c50c9e8de78 -> 
  custom:audio-decoder-ogg-vorbis: bf7c407c2cedff20999df2af8eb42d56 -> 
  custom:audio-encoder-webm-vorbis: bf7c407c2cedff20999df2af8eb42d56 -> 
========================================================================
Received Import Request.
  Time since last request: 146.919961 seconds.
  path: Assets/TextMesh Pro/Resources/Fonts & Materials/LiberationSans SDF.asset
  artifactKey: Guid(8f586378b4e144a9851e7b34d9b748ee) Importer(815301076,1909f56bfc062723c751e8b465ee728b)
Start importing Assets/TextMesh Pro/Resources/Fonts & Materials/LiberationSans SDF.asset using Guid(8f586378b4e144a9851e7b34d9b748ee) Importer(815301076,1909f56bfc062723c751e8b465ee728b)  -> (artifact id: 'f1280cc7be10b532b2897fc8654f95d3') in 0.246080 seconds 
========================================================================
Received Import Request.
  Time since last request: 0.000402 seconds.
  path: Assets/TextMesh Pro/Examples & Extras/Resources/Fonts & Materials/Roboto-Bold SDF - Drop Shadow.mat
  artifactKey: Guid(b246c4190f4e46ec9352fe15a7b09ce0) Importer(815301076,1909f56bfc062723c751e8b465ee728b)
Start importing Assets/TextMesh Pro/Examples & Extras/Resources/Fonts & Materials/Roboto-Bold SDF - Drop Shadow.mat using Guid(b246c4190f4e46ec9352fe15a7b09ce0) Importer(815301076,1909f56bfc062723c751e8b465ee728b)  -> (artifact id: 'e0193c990cebd7bcd9d6b31ea7739d38') in 0.026791 seconds 
========================================================================
Received Import Request.
  Time since last request: 0.000482 seconds.
  path: Assets/TextMesh Pro/Examples & Extras/Resources/Fonts & Materials/Roboto-Bold SDF.asset
  artifactKey: Guid(5302535af1044152a457ed104f1f4b91) Importer(815301076,1909f56bfc062723c751e8b465ee728b)
Start importing Assets/TextMesh Pro/Examples & Extras/Resources/Fonts & Materials/Roboto-Bold SDF.asset using Guid(5302535af1044152a457ed104f1f4b91) Importer(815301076,1909f56bfc062723c751e8b465ee728b)  -> (artifact id: 'bfb93c09ad45f6e656fb1966a95741fa') in 0.024352 seconds 
========================================================================
Received Import Request.
  Time since last request: 0.000885 seconds.
  path: Assets/TextMesh Pro/Examples & Extras/Resources/Fonts & Materials/Oswald Bold SDF.asset
  artifactKey: Guid(0161d805a3764c089bef00bfe00793f5) Importer(815301076,1909f56bfc062723c751e8b465ee728b)
Start importing Assets/TextMesh Pro/Examples & Extras/Resources/Fonts & Materials/Oswald Bold SDF.asset using Guid(0161d805a3764c089bef00bfe00793f5) Importer(815301076,1909f56bfc062723c751e8b465ee728b)  -> (artifact id: 'd214e28bdeb8e7d744101e38a9ef9c0f') in 0.025313 seconds 
========================================================================
Received Import Request.
  Time since last request: 0.000495 seconds.
  path: Assets/TextMesh Pro/Examples & Extras/Resources/Fonts & Materials/Roboto-Bold SDF - Surface.mat
  artifactKey: Guid(e6b276ec991f467aa14ef1f3cc665993) Importer(815301076,1909f56bfc062723c751e8b465ee728b)
Start importing Assets/TextMesh Pro/Examples & Extras/Resources/Fonts & Materials/Roboto-Bold SDF - Surface.mat using Guid(e6b276ec991f467aa14ef1f3cc665993) Importer(815301076,1909f56bfc062723c751e8b465ee728b)  -> (artifact id: 'b473d3532bac8111072f2cb19e40b057') in 0.018382 seconds 
========================================================================
Received Import Request.
  Time since last request: 0.000488 seconds.
  path: Assets/TextMesh Pro/Examples & Extras/Materials/Small Crate_diffuse.mat
  artifactKey: Guid(22262639920f43d6be32430e4e58350d) Importer(815301076,1909f56bfc062723c751e8b465ee728b)
Start importing Assets/TextMesh Pro/Examples & Extras/Materials/Small Crate_diffuse.mat using Guid(22262639920f43d6be32430e4e58350d) Importer(815301076,1909f56bfc062723c751e8b465ee728b)  -> (artifact id: 'f087dcf16cec75a6974325e7c470dd37') in 0.320546 seconds 
========================================================================
Received Import Request.
  Time since last request: 1.512214 seconds.
  path: Assets/TextMesh Pro/Examples & Extras/Resources/Fonts & Materials/LiberationSans SDF - Soft Mask.mat
  artifactKey: Guid(42df1c7856584b6b8db9a509b6b10074) Importer(815301076,1909f56bfc062723c751e8b465ee728b)
Start importing Assets/TextMesh Pro/Examples & Extras/Resources/Fonts & Materials/LiberationSans SDF - Soft Mask.mat using Guid(42df1c7856584b6b8db9a509b6b10074) Importer(815301076,1909f56bfc062723c751e8b465ee728b)  -> (artifact id: 'c07a3f0197d45ee33843239212d1c942') in 0.046108 seconds 
========================================================================
Received Import Request.
  Time since last request: 0.000478 seconds.
  path: Assets/TextMesh Pro/Resources/Fonts & Materials/LiberationSans SDF - Outline.mat
  artifactKey: Guid(79459efec17a4d00a321bdcc27bbc385) Importer(815301076,1909f56bfc062723c751e8b465ee728b)
Start importing Assets/TextMesh Pro/Resources/Fonts & Materials/LiberationSans SDF - Outline.mat using Guid(79459efec17a4d00a321bdcc27bbc385) Importer(815301076,1909f56bfc062723c751e8b465ee728b)  -> (artifact id: '289988fcecf3b00d1602f8d2b589f7dd') in 0.049336 seconds 
========================================================================
Received Import Request.
  Time since last request: 0.000495 seconds.
  path: Assets/TextMesh Pro/Examples & Extras/Resources/Fonts & Materials/LiberationSans SDF - Overlay.mat
  artifactKey: Guid(9ad269c99dcf42b7aedefd83dd5a7b9d) Importer(815301076,1909f56bfc062723c751e8b465ee728b)
Start importing Assets/TextMesh Pro/Examples & Extras/Resources/Fonts & Materials/LiberationSans SDF - Overlay.mat using Guid(9ad269c99dcf42b7aedefd83dd5a7b9d) Importer(815301076,1909f56bfc062723c751e8b465ee728b)  -> (artifact id: '530ab53d4647aa6af37f1765823d784d') in 0.048081 seconds 
========================================================================
Received Import Request.
  Time since last request: 0.000510 seconds.
  path: Assets/TextMesh Pro/Resources/Fonts & Materials/LiberationSans SDF - Fallback.asset
  artifactKey: Guid(2e498d1c8094910479dc3e1b768306a4) Importer(815301076,1909f56bfc062723c751e8b465ee728b)
Start importing Assets/TextMesh Pro/Resources/Fonts & Materials/LiberationSans SDF - Fallback.asset using Guid(2e498d1c8094910479dc3e1b768306a4) Importer(815301076,1909f56bfc062723c751e8b465ee728b)  -> (artifact id: 'b8c2210586957436df79bf961aeff06e') in 0.024651 seconds 
========================================================================
Received Import Request.
  Time since last request: 0.271233 seconds.
  path: Assets/TextMesh Pro/Resources/Fonts & Materials/LiberationSans SDF - Drop Shadow.mat
  artifactKey: Guid(e73a58f6e2794ae7b1b7e50b7fb811b0) Importer(815301076,1909f56bfc062723c751e8b465ee728b)
Start importing Assets/TextMesh Pro/Resources/Fonts & Materials/LiberationSans SDF - Drop Shadow.mat using Guid(e73a58f6e2794ae7b1b7e50b7fb811b0) Importer(815301076,1909f56bfc062723c751e8b465ee728b)  -> (artifact id: 'ca0d2861f60500f05bd29199894f7bb5') in 0.044223 seconds 
========================================================================
Received Import Request.
  Time since last request: 0.000488 seconds.
  path: Assets/TextMesh Pro/Examples & Extras/Materials/Ground - Surface Shader Scene.mat
  artifactKey: Guid(aadd5a709a48466c887296bb5b1b8110) Importer(815301076,1909f56bfc062723c751e8b465ee728b)
Start importing Assets/TextMesh Pro/Examples & Extras/Materials/Ground - Surface Shader Scene.mat using Guid(aadd5a709a48466c887296bb5b1b8110) Importer(815301076,1909f56bfc062723c751e8b465ee728b)  -> (artifact id: '6cb1a531bdeffaee745a9dd9c4f17fc2') in 0.168052 seconds 
========================================================================
Received Import Request.
  Time since last request: 0.001080 seconds.
  path: Assets/TextMesh Pro/Examples & Extras/Materials/Ground - Logo Scene.mat
  artifactKey: Guid(c719e38f25a9480abd2480ab621a2949) Importer(815301076,1909f56bfc062723c751e8b465ee728b)
Start importing Assets/TextMesh Pro/Examples & Extras/Materials/Ground - Logo Scene.mat using Guid(c719e38f25a9480abd2480ab621a2949) Importer(815301076,1909f56bfc062723c751e8b465ee728b)  -> (artifact id: '4457526dabe3b1ee21207b5702e85636') in 0.193183 seconds 
========================================================================
Received Import Request.
  Time since last request: 0.000427 seconds.
  path: Assets/TextMesh Pro/Examples & Extras/Resources/Fonts & Materials/LiberationSans SDF - Metalic Green.mat
  artifactKey: Guid(8b29aaa3eec7468097ff07adfcf29ac9) Importer(815301076,1909f56bfc062723c751e8b465ee728b)
Start importing Assets/TextMesh Pro/Examples & Extras/Resources/Fonts & Materials/LiberationSans SDF - Metalic Green.mat using Guid(8b29aaa3eec7468097ff07adfcf29ac9) Importer(815301076,1909f56bfc062723c751e8b465ee728b)  -> (artifact id: '1750271ec33564c9e991fc66a41ad3d0') in 0.068769 seconds 
========================================================================
Received Import Request.
  Time since last request: 0.000481 seconds.
  path: Assets/TextMesh Pro/Examples & Extras/Resources/Fonts & Materials/Electronic Highway Sign SDF.asset
  artifactKey: Guid(dc36b3fdc14f47ebb36fd484a67e268a) Importer(815301076,1909f56bfc062723c751e8b465ee728b)
Start importing Assets/TextMesh Pro/Examples & Extras/Resources/Fonts & Materials/Electronic Highway Sign SDF.asset using Guid(dc36b3fdc14f47ebb36fd484a67e268a) Importer(815301076,1909f56bfc062723c751e8b465ee728b)  -> (artifact id: 'aecbacf0b5b681b775f225c866b98f6e') in 0.029327 seconds 
========================================================================
Received Import Request.
  Time since last request: 5.609813 seconds.
  path: Assets/TextMesh Pro/Examples & Extras/Resources/Fonts & Materials/Bangers SDF Logo.mat
  artifactKey: Guid(f4e195ac1e204eff960149d1cb34e18c) Importer(815301076,1909f56bfc062723c751e8b465ee728b)
Start importing Assets/TextMesh Pro/Examples & Extras/Resources/Fonts & Materials/Bangers SDF Logo.mat using Guid(f4e195ac1e204eff960149d1cb34e18c) Importer(815301076,1909f56bfc062723c751e8b465ee728b)  -> (artifact id: '53a5ca144293083340976837f0521db0') in 0.035278 seconds 
========================================================================
Received Import Request.
  Time since last request: 0.000420 seconds.
  path: Assets/TextMesh Pro/Examples & Extras/Resources/Fonts & Materials/Bangers SDF.asset
  artifactKey: Guid(125cb55b44b24c4393181402bc6200e6) Importer(815301076,1909f56bfc062723c751e8b465ee728b)
Start importing Assets/TextMesh Pro/Examples & Extras/Resources/Fonts & Materials/Bangers SDF.asset using Guid(125cb55b44b24c4393181402bc6200e6) Importer(815301076,1909f56bfc062723c751e8b465ee728b)  -> (artifact id: '6ba1bb398137a00be6e06e68b72b365d') in 0.024845 seconds 
========================================================================
Received Import Request.
  Time since last request: 0.278062 seconds.
  path: Assets/TextMesh Pro/Examples & Extras/Resources/Fonts & Materials/Bangers SDF - Outline.mat
  artifactKey: Guid(f629c6e43dba4bf38cb74d8860150664) Importer(815301076,1909f56bfc062723c751e8b465ee728b)
Start importing Assets/TextMesh Pro/Examples & Extras/Resources/Fonts & Materials/Bangers SDF - Outline.mat using Guid(f629c6e43dba4bf38cb74d8860150664) Importer(815301076,1909f56bfc062723c751e8b465ee728b)  -> (artifact id: 'f18b71994742d88d97c1c2a21580d2d7') in 0.017342 seconds 
========================================================================
Received Import Request.
  Time since last request: 0.000453 seconds.
  path: Assets/TextMesh Pro/Examples & Extras/Resources/Fonts & Materials/Anton SDF.asset
  artifactKey: Guid(8a89fa14b10d46a99122fd4f73fca9a2) Importer(815301076,1909f56bfc062723c751e8b465ee728b)
Start importing Assets/TextMesh Pro/Examples & Extras/Resources/Fonts & Materials/Anton SDF.asset using Guid(8a89fa14b10d46a99122fd4f73fca9a2) Importer(815301076,1909f56bfc062723c751e8b465ee728b)  -> (artifact id: '89f74535dbbe80d820aad8820167369b') in 0.024101 seconds 
========================================================================
Received Import Request.
  Time since last request: 0.000463 seconds.
  path: Assets/TextMesh Pro/Examples & Extras/Resources/Fonts & Materials/Anton SDF - Sunny Days.mat
  artifactKey: Guid(6522f30e342599e4e9dd4cc2cc03c830) Importer(815301076,1909f56bfc062723c751e8b465ee728b)
Start importing Assets/TextMesh Pro/Examples & Extras/Resources/Fonts & Materials/Anton SDF - Sunny Days.mat using Guid(6522f30e342599e4e9dd4cc2cc03c830) Importer(815301076,1909f56bfc062723c751e8b465ee728b)  -> (artifact id: '3ab2dc3a4077b37fe1bf25fc2e34219a') in 0.032460 seconds 
========================================================================
Received Import Request.
  Time since last request: 0.000532 seconds.
  path: Assets/TextMesh Pro/Examples & Extras/Resources/Fonts & Materials/Anton SDF - Drop Shadow.mat
  artifactKey: Guid(749b9069dc4742c5bfa5c74644049926) Importer(815301076,1909f56bfc062723c751e8b465ee728b)
Start importing Assets/TextMesh Pro/Examples & Extras/Resources/Fonts & Materials/Anton SDF - Drop Shadow.mat using Guid(749b9069dc4742c5bfa5c74644049926) Importer(815301076,1909f56bfc062723c751e8b465ee728b)  -> (artifact id: '9b9a6dbab25d6543dfee2789e8fae952') in 0.016641 seconds 
========================================================================
Received Import Request.
  Time since last request: 0.000500 seconds.
  path: Assets/TextMesh Pro/Examples & Extras/Resources/Fonts & Materials/Bangers SDF - Drop Shadow.mat
  artifactKey: Guid(f2dcf029949142e28b974630369c8b4e) Importer(815301076,1909f56bfc062723c751e8b465ee728b)
Start importing Assets/TextMesh Pro/Examples & Extras/Resources/Fonts & Materials/Bangers SDF - Drop Shadow.mat using Guid(f2dcf029949142e28b974630369c8b4e) Importer(815301076,1909f56bfc062723c751e8b465ee728b)  -> (artifact id: 'a0d5558f03e795f216f7f29785091b5c') in 0.017616 seconds 
========================================================================
Received Import Request.
  Time since last request: 0.000460 seconds.
  path: Assets/TextMesh Pro/Examples & Extras/Resources/Fonts & Materials/Bangers SDF Glow.mat
  artifactKey: Guid(d75b8f41e959450c84ac6e967084d3e1) Importer(815301076,1909f56bfc062723c751e8b465ee728b)
Start importing Assets/TextMesh Pro/Examples & Extras/Resources/Fonts & Materials/Bangers SDF Glow.mat using Guid(d75b8f41e959450c84ac6e967084d3e1) Importer(815301076,1909f56bfc062723c751e8b465ee728b)  -> (artifact id: 'b0993877c1c0e22b53a69262c6ee2775') in 0.026591 seconds 
========================================================================
Received Import Request.
  Time since last request: 0.000465 seconds.
  path: Assets/TextMesh Pro/Examples & Extras/Resources/Fonts & Materials/Anton SDF - Outline.mat
  artifactKey: Guid(a00013af81304728b2be1f4309ee2433) Importer(815301076,1909f56bfc062723c751e8b465ee728b)
Start importing Assets/TextMesh Pro/Examples & Extras/Resources/Fonts & Materials/Anton SDF - Outline.mat using Guid(a00013af81304728b2be1f4309ee2433) Importer(815301076,1909f56bfc062723c751e8b465ee728b)  -> (artifact id: '2507f20aeeae8d98f86e4c2025440d37') in 0.017670 seconds 
========================================================================
Received Prepare
Registering precompiled user dll's ...
Registered in 0.004111 seconds.
Begin MonoManager ReloadAssembly
Native extension for WindowsStandalone target not found
Native extension for WebGL target not found
Refreshing native plugins compatible for Editor in 0.86 ms, found 3 plugins.
Preloading 0 native plugins for Editor in 0.00 ms.
Mono: successfully reloaded assembly
- Completed reload, in  1.901 seconds
Domain Reload Profiling:
	ReloadAssembly (1902ms)
		BeginReloadAssembly (184ms)
			ExecutionOrderSort (0ms)
			DisableScriptedObjects (11ms)
			BackupInstance (0ms)
			ReleaseScriptingObjects (0ms)
			CreateAndSetChildDomain (61ms)
		EndReloadAssembly (1601ms)
			LoadAssemblies (235ms)
			RebuildTransferFunctionScriptingTraits (0ms)
			SetupTypeCache (586ms)
			ReleaseScriptCaches (2ms)
			RebuildScriptCaches (82ms)
			SetupLoadedEditorAssemblies (512ms)
				LogAssemblyErrors (0ms)
				InitializePlatformSupportModulesInManaged (8ms)
				SetLoadedEditorAssemblies (1ms)
				RefreshPlugins (1ms)
				BeforeProcessingInitializeOnLoad (143ms)
				ProcessInitializeOnLoadAttributes (337ms)
				ProcessInitializeOnLoadMethodAttributes (17ms)
				AfterProcessingInitializeOnLoad (5ms)
				EditorAssembliesLoaded (0ms)
			ExecutionOrderSort2 (0ms)
			AwakeInstancesAfterBackupRestoration (14ms)
Platform modules already initialized, skipping
Refreshing native plugins compatible for Editor in 0.94 ms, found 3 plugins.
Preloading 0 native plugins for Editor in 0.00 ms.
Unloading 2239 Unused Serialized files (Serialized files now loaded: 0)
System memory in use before: 102.1 MB.
System memory in use after: 102.1 MB.

Unloading 20 unused Assets to reduce memory usage. Loaded Objects now: 2751.
Total: 5.469000 ms (FindLiveObjects: 0.367900 ms CreateObjectMapping: 0.183200 ms MarkObjects: 4.679600 ms  DeleteObjects: 0.236300 ms)

AssetImportParameters requested are different than current active one (requested -> active):
  custom:framework-win-MediaFoundation: 216162199b28c13a410421893ffa2e32 -> 
  custom:video-decoder-ogg-theora: a1e56fd34408186e4bbccfd4996cb3dc -> 
  custom:container-muxer-webm: aa71ff27fc2769a1b78a27578f13a17b -> 
  custom:container-demuxer-webm: 4f35f7cbe854078d1ac9338744f61a02 -> 
  custom:container-demuxer-ogg: 62fdf1f143b41e24485cea50d1cbac27 -> 
  custom:video-encoder-webm-vp8: eb34c28f22e8b96e1ab97ce403110664 -> 
  custom:video-decoder-webm-vp8: 9c59270c3fd7afecdb556c50c9e8de78 -> 
  custom:audio-decoder-ogg-vorbis: bf7c407c2cedff20999df2af8eb42d56 -> 
  custom:audio-encoder-webm-vorbis: bf7c407c2cedff20999df2af8eb42d56 -> 
========================================================================
Received Prepare
Registering precompiled user dll's ...
Registered in 0.004258 seconds.
Begin MonoManager ReloadAssembly
Native extension for WindowsStandalone target not found
Native extension for WebGL target not found
Refreshing native plugins compatible for Editor in 0.93 ms, found 3 plugins.
Preloading 0 native plugins for Editor in 0.00 ms.
Mono: successfully reloaded assembly
- Completed reload, in  1.838 seconds
Domain Reload Profiling:
	ReloadAssembly (1839ms)
		BeginReloadAssembly (180ms)
			ExecutionOrderSort (0ms)
			DisableScriptedObjects (10ms)
			BackupInstance (0ms)
			ReleaseScriptingObjects (0ms)
			CreateAndSetChildDomain (54ms)
		EndReloadAssembly (1547ms)
			LoadAssemblies (168ms)
			RebuildTransferFunctionScriptingTraits (0ms)
			SetupTypeCache (616ms)
			ReleaseScriptCaches (2ms)
			RebuildScriptCaches (92ms)
			SetupLoadedEditorAssemblies (491ms)
				LogAssemblyErrors (0ms)
				InitializePlatformSupportModulesInManaged (9ms)
				SetLoadedEditorAssemblies (1ms)
				RefreshPlugins (1ms)
				BeforeProcessingInitializeOnLoad (137ms)
				ProcessInitializeOnLoadAttributes (319ms)
				ProcessInitializeOnLoadMethodAttributes (18ms)
				AfterProcessingInitializeOnLoad (6ms)
				EditorAssembliesLoaded (0ms)
			ExecutionOrderSort2 (0ms)
			AwakeInstancesAfterBackupRestoration (16ms)
Platform modules already initialized, skipping
Refreshing native plugins compatible for Editor in 0.98 ms, found 3 plugins.
Preloading 0 native plugins for Editor in 0.00 ms.
Unloading 2239 Unused Serialized files (Serialized files now loaded: 0)
System memory in use before: 102.0 MB.
System memory in use after: 102.1 MB.

Unloading 20 unused Assets to reduce memory usage. Loaded Objects now: 2753.
Total: 4.910500 ms (FindLiveObjects: 0.357900 ms CreateObjectMapping: 0.158100 ms MarkObjects: 4.176900 ms  DeleteObjects: 0.216400 ms)

AssetImportParameters requested are different than current active one (requested -> active):
  custom:framework-win-MediaFoundation: 216162199b28c13a410421893ffa2e32 -> 
  custom:video-decoder-ogg-theora: a1e56fd34408186e4bbccfd4996cb3dc -> 
  custom:container-muxer-webm: aa71ff27fc2769a1b78a27578f13a17b -> 
  custom:container-demuxer-webm: 4f35f7cbe854078d1ac9338744f61a02 -> 
  custom:container-demuxer-ogg: 62fdf1f143b41e24485cea50d1cbac27 -> 
  custom:video-encoder-webm-vp8: eb34c28f22e8b96e1ab97ce403110664 -> 
  custom:video-decoder-webm-vp8: 9c59270c3fd7afecdb556c50c9e8de78 -> 
  custom:audio-decoder-ogg-vorbis: bf7c407c2cedff20999df2af8eb42d56 -> 
  custom:audio-encoder-webm-vorbis: bf7c407c2cedff20999df2af8eb42d56 -> 
========================================================================
Received Prepare
Registering precompiled user dll's ...
Registered in 0.005234 seconds.
Begin MonoManager ReloadAssembly
Native extension for WindowsStandalone target not found
Native extension for WebGL target not found
Refreshing native plugins compatible for Editor in 0.91 ms, found 3 plugins.
Preloading 0 native plugins for Editor in 0.00 ms.
Mono: successfully reloaded assembly
- Completed reload, in  1.759 seconds
Domain Reload Profiling:
	ReloadAssembly (1760ms)
		BeginReloadAssembly (191ms)
			ExecutionOrderSort (0ms)
			DisableScriptedObjects (12ms)
			BackupInstance (0ms)
			ReleaseScriptingObjects (0ms)
			CreateAndSetChildDomain (60ms)
		EndReloadAssembly (1462ms)
			LoadAssemblies (166ms)
			RebuildTransferFunctionScriptingTraits (0ms)
			SetupTypeCache (590ms)
			ReleaseScriptCaches (2ms)
			RebuildScriptCaches (79ms)
			SetupLoadedEditorAssemblies (477ms)
				LogAssemblyErrors (0ms)
				InitializePlatformSupportModulesInManaged (8ms)
				SetLoadedEditorAssemblies (1ms)
				RefreshPlugins (1ms)
				BeforeProcessingInitializeOnLoad (134ms)
				ProcessInitializeOnLoadAttributes (312ms)
				ProcessInitializeOnLoadMethodAttributes (17ms)
				AfterProcessingInitializeOnLoad (5ms)
				EditorAssembliesLoaded (0ms)
			ExecutionOrderSort2 (0ms)
			AwakeInstancesAfterBackupRestoration (15ms)
Platform modules already initialized, skipping
Refreshing native plugins compatible for Editor in 0.86 ms, found 3 plugins.
Preloading 0 native plugins for Editor in 0.00 ms.
Unloading 2239 Unused Serialized files (Serialized files now loaded: 0)
System memory in use before: 102.1 MB.
System memory in use after: 102.2 MB.

Unloading 20 unused Assets to reduce memory usage. Loaded Objects now: 2755.
Total: 5.073700 ms (FindLiveObjects: 0.382800 ms CreateObjectMapping: 0.146000 ms MarkObjects: 4.331000 ms  DeleteObjects: 0.212500 ms)

AssetImportParameters requested are different than current active one (requested -> active):
  custom:framework-win-MediaFoundation: 216162199b28c13a410421893ffa2e32 -> 
  custom:video-decoder-ogg-theora: a1e56fd34408186e4bbccfd4996cb3dc -> 
  custom:container-muxer-webm: aa71ff27fc2769a1b78a27578f13a17b -> 
  custom:container-demuxer-webm: 4f35f7cbe854078d1ac9338744f61a02 -> 
  custom:container-demuxer-ogg: 62fdf1f143b41e24485cea50d1cbac27 -> 
  custom:video-encoder-webm-vp8: eb34c28f22e8b96e1ab97ce403110664 -> 
  custom:video-decoder-webm-vp8: 9c59270c3fd7afecdb556c50c9e8de78 -> 
  custom:audio-decoder-ogg-vorbis: bf7c407c2cedff20999df2af8eb42d56 -> 
  custom:audio-encoder-webm-vorbis: bf7c407c2cedff20999df2af8eb42d56 -> 
========================================================================
Received Import Request.
  Time since last request: 191.249565 seconds.
  path: Assets/Art/icons.jpg
  artifactKey: Guid(ee8a81e3f1b0ae5499f67db41131e14b) Importer(815301076,1909f56bfc062723c751e8b465ee728b)
Start importing Assets/Art/icons.jpg using Guid(ee8a81e3f1b0ae5499f67db41131e14b) Importer(815301076,1909f56bfc062723c751e8b465ee728b)  -> (artifact id: '55187edb908ae802eb7f4bf8ac4111e7') in 0.129232 seconds 
========================================================================
Received Import Request.
  Time since last request: 7.196015 seconds.
  path: Assets/Art/phoneWith.jpg
  artifactKey: Guid(bf4e295252cf63b4c9d3d83fbff1244d) Importer(815301076,1909f56bfc062723c751e8b465ee728b)
Start importing Assets/Art/phoneWith.jpg using Guid(bf4e295252cf63b4c9d3d83fbff1244d) Importer(815301076,1909f56bfc062723c751e8b465ee728b)  -> (artifact id: 'fbad591450b54a32f4c0f5f76698ab1a') in 0.155231 seconds 
========================================================================
Received Import Request.
  Time since last request: 5.534756 seconds.
  path: Assets/Art/phone_01.png
  artifactKey: Guid(c058bc5ea73cce64ba86eab1a5c89fee) Importer(815301076,1909f56bfc062723c751e8b465ee728b)
Start importing Assets/Art/phone_01.png using Guid(c058bc5ea73cce64ba86eab1a5c89fee) Importer(815301076,1909f56bfc062723c751e8b465ee728b)  -> (artifact id: 'c4628bf6df369967cc697e91db85d23e') in 0.038192 seconds 
========================================================================
Received Import Request.
  Time since last request: 5.863332 seconds.
  path: Assets/Art/phoneWithout.jpg
  artifactKey: Guid(480f60a60ee4e724cbcd152e29ce401b) Importer(815301076,1909f56bfc062723c751e8b465ee728b)
Start importing Assets/Art/phoneWithout.jpg using Guid(480f60a60ee4e724cbcd152e29ce401b) Importer(815301076,1909f56bfc062723c751e8b465ee728b)  -> (artifact id: '0627c6f85478ea788c960c654c62a40a') in 0.032932 seconds 
========================================================================
Received Prepare
Registering precompiled user dll's ...
Registered in 0.004180 seconds.
Begin MonoManager ReloadAssembly
Native extension for WindowsStandalone target not found
Native extension for WebGL target not found
Refreshing native plugins compatible for Editor in 0.87 ms, found 3 plugins.
Preloading 0 native plugins for Editor in 0.00 ms.
Mono: successfully reloaded assembly
- Completed reload, in  1.903 seconds
Domain Reload Profiling:
	ReloadAssembly (1904ms)
		BeginReloadAssembly (189ms)
			ExecutionOrderSort (0ms)
			DisableScriptedObjects (11ms)
			BackupInstance (0ms)
			ReleaseScriptingObjects (0ms)
			CreateAndSetChildDomain (60ms)
		EndReloadAssembly (1601ms)
			LoadAssemblies (181ms)
			RebuildTransferFunctionScriptingTraits (0ms)
			SetupTypeCache (603ms)
			ReleaseScriptCaches (2ms)
			RebuildScriptCaches (79ms)
			SetupLoadedEditorAssemblies (511ms)
				LogAssemblyErrors (0ms)
				InitializePlatformSupportModulesInManaged (8ms)
				SetLoadedEditorAssemblies (1ms)
				RefreshPlugins (1ms)
				BeforeProcessingInitializeOnLoad (143ms)
				ProcessInitializeOnLoadAttributes (334ms)
				ProcessInitializeOnLoadMethodAttributes (19ms)
				AfterProcessingInitializeOnLoad (6ms)
				EditorAssembliesLoaded (0ms)
			ExecutionOrderSort2 (0ms)
			AwakeInstancesAfterBackupRestoration (18ms)
Platform modules already initialized, skipping
Refreshing native plugins compatible for Editor in 1.18 ms, found 3 plugins.
Preloading 0 native plugins for Editor in 0.00 ms.
Unloading 2239 Unused Serialized files (Serialized files now loaded: 0)
System memory in use before: 102.1 MB.
System memory in use after: 102.2 MB.

Unloading 20 unused Assets to reduce memory usage. Loaded Objects now: 2758.
Total: 6.322700 ms (FindLiveObjects: 0.476500 ms CreateObjectMapping: 0.156800 ms MarkObjects: 5.418800 ms  DeleteObjects: 0.268400 ms)

AssetImportParameters requested are different than current active one (requested -> active):
  custom:framework-win-MediaFoundation: 216162199b28c13a410421893ffa2e32 -> 
  custom:video-decoder-ogg-theora: a1e56fd34408186e4bbccfd4996cb3dc -> 
  custom:container-muxer-webm: aa71ff27fc2769a1b78a27578f13a17b -> 
  custom:container-demuxer-webm: 4f35f7cbe854078d1ac9338744f61a02 -> 
  custom:container-demuxer-ogg: 62fdf1f143b41e24485cea50d1cbac27 -> 
  custom:video-encoder-webm-vp8: eb34c28f22e8b96e1ab97ce403110664 -> 
  custom:video-decoder-webm-vp8: 9c59270c3fd7afecdb556c50c9e8de78 -> 
  custom:audio-decoder-ogg-vorbis: bf7c407c2cedff20999df2af8eb42d56 -> 
  custom:audio-encoder-webm-vorbis: bf7c407c2cedff20999df2af8eb42d56 -> 
========================================================================
Received Prepare
Registering precompiled user dll's ...
Registered in 0.004152 seconds.
Begin MonoManager ReloadAssembly
Native extension for WindowsStandalone target not found
Native extension for WebGL target not found
Refreshing native plugins compatible for Editor in 0.90 ms, found 3 plugins.
Preloading 0 native plugins for Editor in 0.00 ms.
Mono: successfully reloaded assembly
- Completed reload, in  1.860 seconds
Domain Reload Profiling:
	ReloadAssembly (1861ms)
		BeginReloadAssembly (181ms)
			ExecutionOrderSort (0ms)
			DisableScriptedObjects (11ms)
			BackupInstance (0ms)
			ReleaseScriptingObjects (0ms)
			CreateAndSetChildDomain (55ms)
		EndReloadAssembly (1563ms)
			LoadAssemblies (168ms)
			RebuildTransferFunctionScriptingTraits (0ms)
			SetupTypeCache (561ms)
			ReleaseScriptCaches (2ms)
			RebuildScriptCaches (81ms)
			SetupLoadedEditorAssemblies (561ms)
				LogAssemblyErrors (0ms)
				InitializePlatformSupportModulesInManaged (8ms)
				SetLoadedEditorAssemblies (1ms)
				RefreshPlugins (1ms)
				BeforeProcessingInitializeOnLoad (140ms)
				ProcessInitializeOnLoadAttributes (386ms)
				ProcessInitializeOnLoadMethodAttributes (19ms)
				AfterProcessingInitializeOnLoad (5ms)
				EditorAssembliesLoaded (0ms)
			ExecutionOrderSort2 (0ms)
			AwakeInstancesAfterBackupRestoration (15ms)
Platform modules already initialized, skipping
Refreshing native plugins compatible for Editor in 0.89 ms, found 3 plugins.
Preloading 0 native plugins for Editor in 0.00 ms.
Unloading 2239 Unused Serialized files (Serialized files now loaded: 0)
System memory in use before: 102.1 MB.
System memory in use after: 102.2 MB.

Unloading 20 unused Assets to reduce memory usage. Loaded Objects now: 2760.
Total: 4.961000 ms (FindLiveObjects: 0.363100 ms CreateObjectMapping: 0.142900 ms MarkObjects: 4.230500 ms  DeleteObjects: 0.222900 ms)

AssetImportParameters requested are different than current active one (requested -> active):
  custom:framework-win-MediaFoundation: 216162199b28c13a410421893ffa2e32 -> 
  custom:video-decoder-ogg-theora: a1e56fd34408186e4bbccfd4996cb3dc -> 
  custom:container-muxer-webm: aa71ff27fc2769a1b78a27578f13a17b -> 
  custom:container-demuxer-webm: 4f35f7cbe854078d1ac9338744f61a02 -> 
  custom:container-demuxer-ogg: 62fdf1f143b41e24485cea50d1cbac27 -> 
  custom:video-encoder-webm-vp8: eb34c28f22e8b96e1ab97ce403110664 -> 
  custom:video-decoder-webm-vp8: 9c59270c3fd7afecdb556c50c9e8de78 -> 
  custom:audio-decoder-ogg-vorbis: bf7c407c2cedff20999df2af8eb42d56 -> 
  custom:audio-encoder-webm-vorbis: bf7c407c2cedff20999df2af8eb42d56 -> 
========================================================================
Received Prepare
Registering precompiled user dll's ...
Registered in 0.004918 seconds.
Begin MonoManager ReloadAssembly
Native extension for WindowsStandalone target not found
Native extension for WebGL target not found
Refreshing native plugins compatible for Editor in 0.85 ms, found 3 plugins.
Preloading 0 native plugins for Editor in 0.00 ms.
Mono: successfully reloaded assembly
- Completed reload, in  1.669 seconds
Domain Reload Profiling:
	ReloadAssembly (1669ms)
		BeginReloadAssembly (171ms)
			ExecutionOrderSort (0ms)
			DisableScriptedObjects (11ms)
			BackupInstance (0ms)
			ReleaseScriptingObjects (0ms)
			CreateAndSetChildDomain (53ms)
		EndReloadAssembly (1398ms)
			LoadAssemblies (151ms)
			RebuildTransferFunctionScriptingTraits (0ms)
			SetupTypeCache (542ms)
			ReleaseScriptCaches (2ms)
			RebuildScriptCaches (78ms)
			SetupLoadedEditorAssemblies (459ms)
				LogAssemblyErrors (0ms)
				InitializePlatformSupportModulesInManaged (8ms)
				SetLoadedEditorAssemblies (1ms)
				RefreshPlugins (1ms)
				BeforeProcessingInitializeOnLoad (128ms)
				ProcessInitializeOnLoadAttributes (300ms)
				ProcessInitializeOnLoadMethodAttributes (16ms)
				AfterProcessingInitializeOnLoad (5ms)
				EditorAssembliesLoaded (0ms)
			ExecutionOrderSort2 (0ms)
			AwakeInstancesAfterBackupRestoration (15ms)
Platform modules already initialized, skipping
Refreshing native plugins compatible for Editor in 1.08 ms, found 3 plugins.
Preloading 0 native plugins for Editor in 0.00 ms.
Unloading 2239 Unused Serialized files (Serialized files now loaded: 0)
System memory in use before: 102.1 MB.
System memory in use after: 102.2 MB.

Unloading 20 unused Assets to reduce memory usage. Loaded Objects now: 2762.
Total: 4.644400 ms (FindLiveObjects: 0.360000 ms CreateObjectMapping: 0.131000 ms MarkObjects: 3.940100 ms  DeleteObjects: 0.211700 ms)

AssetImportParameters requested are different than current active one (requested -> active):
  custom:framework-win-MediaFoundation: 216162199b28c13a410421893ffa2e32 -> 
  custom:video-decoder-ogg-theora: a1e56fd34408186e4bbccfd4996cb3dc -> 
  custom:container-muxer-webm: aa71ff27fc2769a1b78a27578f13a17b -> 
  custom:container-demuxer-webm: 4f35f7cbe854078d1ac9338744f61a02 -> 
  custom:container-demuxer-ogg: 62fdf1f143b41e24485cea50d1cbac27 -> 
  custom:video-encoder-webm-vp8: eb34c28f22e8b96e1ab97ce403110664 -> 
  custom:video-decoder-webm-vp8: 9c59270c3fd7afecdb556c50c9e8de78 -> 
  custom:audio-decoder-ogg-vorbis: bf7c407c2cedff20999df2af8eb42d56 -> 
  custom:audio-encoder-webm-vorbis: bf7c407c2cedff20999df2af8eb42d56 -> 
========================================================================
Received Import Request.
  Time since last request: 838.187422 seconds.
  path: Assets/Art/phone02.png
  artifactKey: Guid(80b28a181767ea4498cbbc9985394236) Importer(815301076,1909f56bfc062723c751e8b465ee728b)
Start importing Assets/Art/phone02.png using Guid(80b28a181767ea4498cbbc9985394236) Importer(815301076,1909f56bfc062723c751e8b465ee728b)  -> (artifact id: 'f3fd5df51674b4f7c10c5a68802a6360') in 0.130315 seconds 
========================================================================
Received Import Request.
  Time since last request: 181.547749 seconds.
  path: Assets/material/phone_1.mat
  artifactKey: Guid(08e413f0792cb564786359e33665c356) Importer(815301076,1909f56bfc062723c751e8b465ee728b)
Start importing Assets/material/phone_1.mat using Guid(08e413f0792cb564786359e33665c356) Importer(815301076,1909f56bfc062723c751e8b465ee728b)  -> (artifact id: '772fb39caa800cfa05ee82617e4ea711') in 0.069565 seconds 
========================================================================
Received Import Request.
  Time since last request: 213.814472 seconds.
  path: Assets/Art/icons.jpg
  artifactKey: Guid(ee8a81e3f1b0ae5499f67db41131e14b) Importer(815301076,1909f56bfc062723c751e8b465ee728b)
Start importing Assets/Art/icons.jpg using Guid(ee8a81e3f1b0ae5499f67db41131e14b) Importer(815301076,1909f56bfc062723c751e8b465ee728b)  -> (artifact id: '7544d2e73d43731fca5349e7359aca1c') in 0.065710 seconds 
========================================================================
Received Prepare
Registering precompiled user dll's ...
Registered in 0.004353 seconds.
Begin MonoManager ReloadAssembly
Native extension for WindowsStandalone target not found
Native extension for WebGL target not found
Refreshing native plugins compatible for Editor in 0.93 ms, found 3 plugins.
Preloading 0 native plugins for Editor in 0.00 ms.
Mono: successfully reloaded assembly
- Completed reload, in  1.792 seconds
Domain Reload Profiling:
	ReloadAssembly (1793ms)
		BeginReloadAssembly (184ms)
			ExecutionOrderSort (0ms)
			DisableScriptedObjects (9ms)
			BackupInstance (0ms)
			ReleaseScriptingObjects (0ms)
			CreateAndSetChildDomain (57ms)
		EndReloadAssembly (1490ms)
			LoadAssemblies (167ms)
			RebuildTransferFunctionScriptingTraits (0ms)
			SetupTypeCache (552ms)
			ReleaseScriptCaches (2ms)
			RebuildScriptCaches (82ms)
			SetupLoadedEditorAssemblies (516ms)
				LogAssemblyErrors (0ms)
				InitializePlatformSupportModulesInManaged (8ms)
				SetLoadedEditorAssemblies (1ms)
				RefreshPlugins (1ms)
				BeforeProcessingInitializeOnLoad (152ms)
				ProcessInitializeOnLoadAttributes (329ms)
				ProcessInitializeOnLoadMethodAttributes (19ms)
				AfterProcessingInitializeOnLoad (5ms)
				EditorAssembliesLoaded (0ms)
			ExecutionOrderSort2 (0ms)
			AwakeInstancesAfterBackupRestoration (15ms)
Platform modules already initialized, skipping
Refreshing native plugins compatible for Editor in 1.18 ms, found 3 plugins.
Preloading 0 native plugins for Editor in 0.00 ms.
Unloading 2239 Unused Serialized files (Serialized files now loaded: 0)
System memory in use before: 102.3 MB.
System memory in use after: 102.4 MB.

Unloading 20 unused Assets to reduce memory usage. Loaded Objects now: 2766.
Total: 4.836700 ms (FindLiveObjects: 0.361300 ms CreateObjectMapping: 0.141200 ms MarkObjects: 4.125400 ms  DeleteObjects: 0.207300 ms)

AssetImportParameters requested are different than current active one (requested -> active):
  custom:framework-win-MediaFoundation: 216162199b28c13a410421893ffa2e32 -> 
  custom:video-decoder-ogg-theora: a1e56fd34408186e4bbccfd4996cb3dc -> 
  custom:container-muxer-webm: aa71ff27fc2769a1b78a27578f13a17b -> 
  custom:container-demuxer-webm: 4f35f7cbe854078d1ac9338744f61a02 -> 
  custom:container-demuxer-ogg: 62fdf1f143b41e24485cea50d1cbac27 -> 
  custom:video-encoder-webm-vp8: eb34c28f22e8b96e1ab97ce403110664 -> 
  custom:video-decoder-webm-vp8: 9c59270c3fd7afecdb556c50c9e8de78 -> 
  custom:audio-decoder-ogg-vorbis: bf7c407c2cedff20999df2af8eb42d56 -> 
  custom:audio-encoder-webm-vorbis: bf7c407c2cedff20999df2af8eb42d56 -> 
========================================================================
Received Import Request.
  Time since last request: 56.713545 seconds.
  path: Assets/Art/icons2.png
  artifactKey: Guid(7660cead846ef2a4b95260458bcbfaee) Importer(815301076,1909f56bfc062723c751e8b465ee728b)
Start importing Assets/Art/icons2.png using Guid(7660cead846ef2a4b95260458bcbfaee) Importer(815301076,1909f56bfc062723c751e8b465ee728b)  -> (artifact id: '66820272666b59b6d974c466668ace9d') in 0.083608 seconds 
========================================================================
Received Import Request.
  Time since last request: 12.004872 seconds.
  path: Assets/Art/icons2.png
  artifactKey: Guid(7660cead846ef2a4b95260458bcbfaee) Importer(815301076,1909f56bfc062723c751e8b465ee728b)
Start importing Assets/Art/icons2.png using Guid(7660cead846ef2a4b95260458bcbfaee) Importer(815301076,1909f56bfc062723c751e8b465ee728b)  -> (artifact id: 'dcd53ab3c430c2189232336da055a436') in 0.022414 seconds 
========================================================================
Received Import Request.
  Time since last request: 167.608468 seconds.
  path: Assets/Art/icons2.png
  artifactKey: Guid(7660cead846ef2a4b95260458bcbfaee) Importer(815301076,1909f56bfc062723c751e8b465ee728b)
Start importing Assets/Art/icons2.png using Guid(7660cead846ef2a4b95260458bcbfaee) Importer(815301076,1909f56bfc062723c751e8b465ee728b)  -> (artifact id: 'a8656d606e829cfc47271fd4b63d1c83') in 0.056313 seconds 
========================================================================
Received Prepare
Registering precompiled user dll's ...
Registered in 0.004203 seconds.
Begin MonoManager ReloadAssembly
Native extension for WindowsStandalone target not found
Native extension for WebGL target not found
Refreshing native plugins compatible for Editor in 0.85 ms, found 3 plugins.
Preloading 0 native plugins for Editor in 0.00 ms.
Mono: successfully reloaded assembly
- Completed reload, in  1.718 seconds
Domain Reload Profiling:
	ReloadAssembly (1719ms)
		BeginReloadAssembly (190ms)
			ExecutionOrderSort (0ms)
			DisableScriptedObjects (12ms)
			BackupInstance (0ms)
			ReleaseScriptingObjects (0ms)
			CreateAndSetChildDomain (62ms)
		EndReloadAssembly (1423ms)
			LoadAssemblies (160ms)
			RebuildTransferFunctionScriptingTraits (0ms)
			SetupTypeCache (549ms)
			ReleaseScriptCaches (2ms)
			RebuildScriptCaches (81ms)
			SetupLoadedEditorAssemblies (480ms)
				LogAssemblyErrors (0ms)
				InitializePlatformSupportModulesInManaged (8ms)
				SetLoadedEditorAssemblies (1ms)
				RefreshPlugins (1ms)
				BeforeProcessingInitializeOnLoad (138ms)
				ProcessInitializeOnLoadAttributes (311ms)
				ProcessInitializeOnLoadMethodAttributes (16ms)
				AfterProcessingInitializeOnLoad (5ms)
				EditorAssembliesLoaded (0ms)
			ExecutionOrderSort2 (0ms)
			AwakeInstancesAfterBackupRestoration (16ms)
Platform modules already initialized, skipping
Refreshing native plugins compatible for Editor in 0.83 ms, found 3 plugins.
Preloading 0 native plugins for Editor in 0.00 ms.
Unloading 2239 Unused Serialized files (Serialized files now loaded: 0)
System memory in use before: 102.5 MB.
System memory in use after: 102.5 MB.

Unloading 20 unused Assets to reduce memory usage. Loaded Objects now: 2774.
Total: 5.430500 ms (FindLiveObjects: 0.388500 ms CreateObjectMapping: 0.132700 ms MarkObjects: 4.695000 ms  DeleteObjects: 0.212700 ms)

AssetImportParameters requested are different than current active one (requested -> active):
  custom:framework-win-MediaFoundation: 216162199b28c13a410421893ffa2e32 -> 
  custom:video-decoder-ogg-theora: a1e56fd34408186e4bbccfd4996cb3dc -> 
  custom:container-muxer-webm: aa71ff27fc2769a1b78a27578f13a17b -> 
  custom:container-demuxer-webm: 4f35f7cbe854078d1ac9338744f61a02 -> 
  custom:container-demuxer-ogg: 62fdf1f143b41e24485cea50d1cbac27 -> 
  custom:video-encoder-webm-vp8: eb34c28f22e8b96e1ab97ce403110664 -> 
  custom:video-decoder-webm-vp8: 9c59270c3fd7afecdb556c50c9e8de78 -> 
  custom:audio-decoder-ogg-vorbis: bf7c407c2cedff20999df2af8eb42d56 -> 
  custom:audio-encoder-webm-vorbis: bf7c407c2cedff20999df2af8eb42d56 -> 
========================================================================
Received Import Request.
  Time since last request: 616.258450 seconds.
  path: Assets/Art/text.png
  artifactKey: Guid(a2caf5288a85dce4db207e5bc3e4977d) Importer(815301076,1909f56bfc062723c751e8b465ee728b)
Start importing Assets/Art/text.png using Guid(a2caf5288a85dce4db207e5bc3e4977d) Importer(815301076,1909f56bfc062723c751e8b465ee728b)  -> (artifact id: '5abcfc0be3705ec43dc4c0ec3025bde6') in 0.086965 seconds 
========================================================================
Received Import Request.
  Time since last request: 45.889426 seconds.
  path: Assets/Scenes/scen_main_unlock.unity
  artifactKey: Guid(b7827f5665134c34182fa6f25a2c6a4e) Importer(815301076,1909f56bfc062723c751e8b465ee728b)
Start importing Assets/Scenes/scen_main_unlock.unity using Guid(b7827f5665134c34182fa6f25a2c6a4e) Importer(815301076,1909f56bfc062723c751e8b465ee728b)  -> (artifact id: 'b6739a94110ca09b626613bb9f724b29') in 0.006291 seconds 
========================================================================
Received Import Request.
  Time since last request: 48.988132 seconds.
  path: Assets/Scenes/main.unity
  artifactKey: Guid(8b3a7fba67a31a846afb94a740a8fd43) Importer(815301076,1909f56bfc062723c751e8b465ee728b)
Start importing Assets/Scenes/main.unity using Guid(8b3a7fba67a31a846afb94a740a8fd43) Importer(815301076,1909f56bfc062723c751e8b465ee728b)  -> (artifact id: 'f58e1168eba58e588c526acbc3eb5ede') in 0.005117 seconds 
========================================================================
Received Prepare
Registering precompiled user dll's ...
Registered in 0.005589 seconds.
Begin MonoManager ReloadAssembly
Native extension for WindowsStandalone target not found
Native extension for WebGL target not found
Refreshing native plugins compatible for Editor in 0.91 ms, found 3 plugins.
Preloading 0 native plugins for Editor in 0.00 ms.
Mono: successfully reloaded assembly
- Completed reload, in  1.930 seconds
Domain Reload Profiling:
	ReloadAssembly (1931ms)
		BeginReloadAssembly (198ms)
			ExecutionOrderSort (0ms)
			DisableScriptedObjects (11ms)
			BackupInstance (0ms)
			ReleaseScriptingObjects (0ms)
			CreateAndSetChildDomain (60ms)
		EndReloadAssembly (1614ms)
			LoadAssemblies (183ms)
			RebuildTransferFunctionScriptingTraits (0ms)
			SetupTypeCache (607ms)
			ReleaseScriptCaches (2ms)
			RebuildScriptCaches (89ms)
			SetupLoadedEditorAssemblies (546ms)
				LogAssemblyErrors (0ms)
				InitializePlatformSupportModulesInManaged (9ms)
				SetLoadedEditorAssemblies (1ms)
				RefreshPlugins (1ms)
				BeforeProcessingInitializeOnLoad (147ms)
				ProcessInitializeOnLoadAttributes (362ms)
				ProcessInitializeOnLoadMethodAttributes (20ms)
				AfterProcessingInitializeOnLoad (6ms)
				EditorAssembliesLoaded (0ms)
			ExecutionOrderSort2 (0ms)
			AwakeInstancesAfterBackupRestoration (19ms)
Platform modules already initialized, skipping
Refreshing native plugins compatible for Editor in 0.97 ms, found 3 plugins.
Preloading 0 native plugins for Editor in 0.00 ms.
Unloading 2239 Unused Serialized files (Serialized files now loaded: 0)
System memory in use before: 102.5 MB.
System memory in use after: 102.5 MB.

Unloading 20 unused Assets to reduce memory usage. Loaded Objects now: 2779.
Total: 5.548700 ms (FindLiveObjects: 0.395000 ms CreateObjectMapping: 0.135800 ms MarkObjects: 4.791500 ms  DeleteObjects: 0.224600 ms)

AssetImportParameters requested are different than current active one (requested -> active):
  custom:framework-win-MediaFoundation: 216162199b28c13a410421893ffa2e32 -> 
  custom:video-decoder-ogg-theora: a1e56fd34408186e4bbccfd4996cb3dc -> 
  custom:container-muxer-webm: aa71ff27fc2769a1b78a27578f13a17b -> 
  custom:container-demuxer-webm: 4f35f7cbe854078d1ac9338744f61a02 -> 
  custom:container-demuxer-ogg: 62fdf1f143b41e24485cea50d1cbac27 -> 
  custom:video-encoder-webm-vp8: eb34c28f22e8b96e1ab97ce403110664 -> 
  custom:video-decoder-webm-vp8: 9c59270c3fd7afecdb556c50c9e8de78 -> 
  custom:audio-decoder-ogg-vorbis: bf7c407c2cedff20999df2af8eb42d56 -> 
  custom:audio-encoder-webm-vorbis: bf7c407c2cedff20999df2af8eb42d56 -> 
========================================================================
Received Import Request.
  Time since last request: 115.627778 seconds.
  path: Assets/Scenes/main.unity
  artifactKey: Guid(8b3a7fba67a31a846afb94a740a8fd43) Importer(815301076,1909f56bfc062723c751e8b465ee728b)
Start importing Assets/Scenes/main.unity using Guid(8b3a7fba67a31a846afb94a740a8fd43) Importer(815301076,1909f56bfc062723c751e8b465ee728b)  -> (artifact id: '004a40cbf8197ea74c1be9e5843b9e8b') in 0.022096 seconds 
========================================================================
Received Prepare
Registering precompiled user dll's ...
Registered in 0.004098 seconds.
Begin MonoManager ReloadAssembly
Native extension for WindowsStandalone target not found
Native extension for WebGL target not found
Refreshing native plugins compatible for Editor in 0.87 ms, found 3 plugins.
Preloading 0 native plugins for Editor in 0.00 ms.
Mono: successfully reloaded assembly
- Completed reload, in  1.762 seconds
Domain Reload Profiling:
	ReloadAssembly (1762ms)
		BeginReloadAssembly (181ms)
			ExecutionOrderSort (0ms)
			DisableScriptedObjects (11ms)
			BackupInstance (0ms)
			ReleaseScriptingObjects (0ms)
			CreateAndSetChildDomain (56ms)
		EndReloadAssembly (1473ms)
			LoadAssemblies (160ms)
			RebuildTransferFunctionScriptingTraits (0ms)
			SetupTypeCache (548ms)
			ReleaseScriptCaches (2ms)
			RebuildScriptCaches (84ms)
			SetupLoadedEditorAssemblies (497ms)
				LogAssemblyErrors (0ms)
				InitializePlatformSupportModulesInManaged (8ms)
				SetLoadedEditorAssemblies (1ms)
				RefreshPlugins (1ms)
				BeforeProcessingInitializeOnLoad (142ms)
				ProcessInitializeOnLoadAttributes (323ms)
				ProcessInitializeOnLoadMethodAttributes (17ms)
				AfterProcessingInitializeOnLoad (5ms)
				EditorAssembliesLoaded (0ms)
			ExecutionOrderSort2 (0ms)
			AwakeInstancesAfterBackupRestoration (14ms)
Platform modules already initialized, skipping
Refreshing native plugins compatible for Editor in 0.89 ms, found 3 plugins.
Preloading 0 native plugins for Editor in 0.00 ms.
Unloading 2239 Unused Serialized files (Serialized files now loaded: 0)
System memory in use before: 102.5 MB.
System memory in use after: 102.5 MB.

Unloading 20 unused Assets to reduce memory usage. Loaded Objects now: 2781.
Total: 4.985900 ms (FindLiveObjects: 0.374700 ms CreateObjectMapping: 0.143500 ms MarkObjects: 4.251300 ms  DeleteObjects: 0.215200 ms)

AssetImportParameters requested are different than current active one (requested -> active):
  custom:framework-win-MediaFoundation: 216162199b28c13a410421893ffa2e32 -> 
  custom:video-decoder-ogg-theora: a1e56fd34408186e4bbccfd4996cb3dc -> 
  custom:container-muxer-webm: aa71ff27fc2769a1b78a27578f13a17b -> 
  custom:container-demuxer-webm: 4f35f7cbe854078d1ac9338744f61a02 -> 
  custom:container-demuxer-ogg: 62fdf1f143b41e24485cea50d1cbac27 -> 
  custom:video-encoder-webm-vp8: eb34c28f22e8b96e1ab97ce403110664 -> 
  custom:video-decoder-webm-vp8: 9c59270c3fd7afecdb556c50c9e8de78 -> 
  custom:audio-decoder-ogg-vorbis: bf7c407c2cedff20999df2af8eb42d56 -> 
  custom:audio-encoder-webm-vorbis: bf7c407c2cedff20999df2af8eb42d56 -> 
========================================================================
Received Prepare
Registering precompiled user dll's ...
Registered in 0.004080 seconds.
Begin MonoManager ReloadAssembly
Native extension for WindowsStandalone target not found
Native extension for WebGL target not found
Refreshing native plugins compatible for Editor in 0.87 ms, found 3 plugins.
Preloading 0 native plugins for Editor in 0.00 ms.
Mono: successfully reloaded assembly
- Completed reload, in  1.810 seconds
Domain Reload Profiling:
	ReloadAssembly (1811ms)
		BeginReloadAssembly (187ms)
			ExecutionOrderSort (0ms)
			DisableScriptedObjects (12ms)
			BackupInstance (0ms)
			ReleaseScriptingObjects (0ms)
			CreateAndSetChildDomain (58ms)
		EndReloadAssembly (1510ms)
			LoadAssemblies (161ms)
			RebuildTransferFunctionScriptingTraits (0ms)
			SetupTypeCache (566ms)
			ReleaseScriptCaches (2ms)
			RebuildScriptCaches (85ms)
			SetupLoadedEditorAssemblies (508ms)
				LogAssemblyErrors (0ms)
				InitializePlatformSupportModulesInManaged (9ms)
				SetLoadedEditorAssemblies (1ms)
				RefreshPlugins (1ms)
				BeforeProcessingInitializeOnLoad (139ms)
				ProcessInitializeOnLoadAttributes (334ms)
				ProcessInitializeOnLoadMethodAttributes (18ms)
				AfterProcessingInitializeOnLoad (5ms)
				EditorAssembliesLoaded (0ms)
			ExecutionOrderSort2 (0ms)
			AwakeInstancesAfterBackupRestoration (16ms)
Platform modules already initialized, skipping
Refreshing native plugins compatible for Editor in 0.87 ms, found 3 plugins.
Preloading 0 native plugins for Editor in 0.00 ms.
Unloading 2239 Unused Serialized files (Serialized files now loaded: 0)
System memory in use before: 102.5 MB.
System memory in use after: 102.5 MB.

Unloading 20 unused Assets to reduce memory usage. Loaded Objects now: 2783.
Total: 5.843200 ms (FindLiveObjects: 0.421400 ms CreateObjectMapping: 0.441500 ms MarkObjects: 4.756900 ms  DeleteObjects: 0.221400 ms)

AssetImportParameters requested are different than current active one (requested -> active):
  custom:framework-win-MediaFoundation: 216162199b28c13a410421893ffa2e32 -> 
  custom:video-decoder-ogg-theora: a1e56fd34408186e4bbccfd4996cb3dc -> 
  custom:container-muxer-webm: aa71ff27fc2769a1b78a27578f13a17b -> 
  custom:container-demuxer-webm: 4f35f7cbe854078d1ac9338744f61a02 -> 
  custom:container-demuxer-ogg: 62fdf1f143b41e24485cea50d1cbac27 -> 
  custom:video-encoder-webm-vp8: eb34c28f22e8b96e1ab97ce403110664 -> 
  custom:video-decoder-webm-vp8: 9c59270c3fd7afecdb556c50c9e8de78 -> 
  custom:audio-decoder-ogg-vorbis: bf7c407c2cedff20999df2af8eb42d56 -> 
  custom:audio-encoder-webm-vorbis: bf7c407c2cedff20999df2af8eb42d56 -> 
========================================================================
Received Prepare
Registering precompiled user dll's ...
Registered in 0.004394 seconds.
Begin MonoManager ReloadAssembly
Native extension for WindowsStandalone target not found
Native extension for WebGL target not found
Refreshing native plugins compatible for Editor in 0.86 ms, found 3 plugins.
Preloading 0 native plugins for Editor in 0.00 ms.
Mono: successfully reloaded assembly
- Completed reload, in  1.883 seconds
Domain Reload Profiling:
	ReloadAssembly (1883ms)
		BeginReloadAssembly (186ms)
			ExecutionOrderSort (0ms)
			DisableScriptedObjects (11ms)
			BackupInstance (0ms)
			ReleaseScriptingObjects (0ms)
			CreateAndSetChildDomain (55ms)
		EndReloadAssembly (1584ms)
			LoadAssemblies (166ms)
			RebuildTransferFunctionScriptingTraits (0ms)
			SetupTypeCache (569ms)
			ReleaseScriptCaches (2ms)
			RebuildScriptCaches (178ms)
			SetupLoadedEditorAssemblies (488ms)
				LogAssemblyErrors (0ms)
				InitializePlatformSupportModulesInManaged (8ms)
				SetLoadedEditorAssemblies (1ms)
				RefreshPlugins (1ms)
				BeforeProcessingInitializeOnLoad (136ms)
				ProcessInitializeOnLoadAttributes (321ms)
				ProcessInitializeOnLoadMethodAttributes (17ms)
				AfterProcessingInitializeOnLoad (5ms)
				EditorAssembliesLoaded (0ms)
			ExecutionOrderSort2 (0ms)
			AwakeInstancesAfterBackupRestoration (14ms)
Platform modules already initialized, skipping
Refreshing native plugins compatible for Editor in 1.02 ms, found 3 plugins.
Preloading 0 native plugins for Editor in 0.00 ms.
Unloading 2239 Unused Serialized files (Serialized files now loaded: 0)
System memory in use before: 102.4 MB.
System memory in use after: 102.5 MB.

Unloading 20 unused Assets to reduce memory usage. Loaded Objects now: 2785.
Total: 4.741800 ms (FindLiveObjects: 0.376900 ms CreateObjectMapping: 0.140100 ms MarkObjects: 4.010800 ms  DeleteObjects: 0.212800 ms)

AssetImportParameters requested are different than current active one (requested -> active):
  custom:framework-win-MediaFoundation: 216162199b28c13a410421893ffa2e32 -> 
  custom:video-decoder-ogg-theora: a1e56fd34408186e4bbccfd4996cb3dc -> 
  custom:container-muxer-webm: aa71ff27fc2769a1b78a27578f13a17b -> 
  custom:container-demuxer-webm: 4f35f7cbe854078d1ac9338744f61a02 -> 
  custom:container-demuxer-ogg: 62fdf1f143b41e24485cea50d1cbac27 -> 
  custom:video-encoder-webm-vp8: eb34c28f22e8b96e1ab97ce403110664 -> 
  custom:video-decoder-webm-vp8: 9c59270c3fd7afecdb556c50c9e8de78 -> 
  custom:audio-decoder-ogg-vorbis: bf7c407c2cedff20999df2af8eb42d56 -> 
  custom:audio-encoder-webm-vorbis: bf7c407c2cedff20999df2af8eb42d56 -> 
========================================================================
Received Prepare
Registering precompiled user dll's ...
Registered in 0.004280 seconds.
Begin MonoManager ReloadAssembly
Native extension for WindowsStandalone target not found
Native extension for WebGL target not found
Refreshing native plugins compatible for Editor in 0.88 ms, found 3 plugins.
Preloading 0 native plugins for Editor in 0.00 ms.
Mono: successfully reloaded assembly
- Completed reload, in  1.913 seconds
Domain Reload Profiling:
	ReloadAssembly (1913ms)
		BeginReloadAssembly (212ms)
			ExecutionOrderSort (0ms)
			DisableScriptedObjects (13ms)
			BackupInstance (0ms)
			ReleaseScriptingObjects (0ms)
			CreateAndSetChildDomain (69ms)
		EndReloadAssembly (1577ms)
			LoadAssemblies (182ms)
			RebuildTransferFunctionScriptingTraits (0ms)
			SetupTypeCache (603ms)
			ReleaseScriptCaches (2ms)
			RebuildScriptCaches (92ms)
			SetupLoadedEditorAssemblies (521ms)
				LogAssemblyErrors (0ms)
				InitializePlatformSupportModulesInManaged (8ms)
				SetLoadedEditorAssemblies (1ms)
				RefreshPlugins (1ms)
				BeforeProcessingInitializeOnLoad (144ms)
				ProcessInitializeOnLoadAttributes (342ms)
				ProcessInitializeOnLoadMethodAttributes (19ms)
				AfterProcessingInitializeOnLoad (5ms)
				EditorAssembliesLoaded (0ms)
			ExecutionOrderSort2 (0ms)
			AwakeInstancesAfterBackupRestoration (16ms)
Platform modules already initialized, skipping
Refreshing native plugins compatible for Editor in 0.88 ms, found 3 plugins.
Preloading 0 native plugins for Editor in 0.00 ms.
Unloading 2239 Unused Serialized files (Serialized files now loaded: 0)
System memory in use before: 102.5 MB.
System memory in use after: 102.6 MB.

Unloading 20 unused Assets to reduce memory usage. Loaded Objects now: 2787.
Total: 4.792600 ms (FindLiveObjects: 0.378600 ms CreateObjectMapping: 0.152100 ms MarkObjects: 4.042300 ms  DeleteObjects: 0.218500 ms)

AssetImportParameters requested are different than current active one (requested -> active):
  custom:framework-win-MediaFoundation: 216162199b28c13a410421893ffa2e32 -> 
  custom:video-decoder-ogg-theora: a1e56fd34408186e4bbccfd4996cb3dc -> 
  custom:container-muxer-webm: aa71ff27fc2769a1b78a27578f13a17b -> 
  custom:container-demuxer-webm: 4f35f7cbe854078d1ac9338744f61a02 -> 
  custom:container-demuxer-ogg: 62fdf1f143b41e24485cea50d1cbac27 -> 
  custom:video-encoder-webm-vp8: eb34c28f22e8b96e1ab97ce403110664 -> 
  custom:video-decoder-webm-vp8: 9c59270c3fd7afecdb556c50c9e8de78 -> 
  custom:audio-decoder-ogg-vorbis: bf7c407c2cedff20999df2af8eb42d56 -> 
  custom:audio-encoder-webm-vorbis: bf7c407c2cedff20999df2af8eb42d56 -> 
========================================================================
Received Prepare
Registering precompiled user dll's ...
Registered in 0.004867 seconds.
Begin MonoManager ReloadAssembly
Native extension for WindowsStandalone target not found
Native extension for WebGL target not found
Refreshing native plugins compatible for Editor in 0.86 ms, found 3 plugins.
Preloading 0 native plugins for Editor in 0.00 ms.
Mono: successfully reloaded assembly
- Completed reload, in  1.961 seconds
Domain Reload Profiling:
	ReloadAssembly (1961ms)
		BeginReloadAssembly (200ms)
			ExecutionOrderSort (0ms)
			DisableScriptedObjects (13ms)
			BackupInstance (0ms)
			ReleaseScriptingObjects (0ms)
			CreateAndSetChildDomain (60ms)
		EndReloadAssembly (1640ms)
			LoadAssemblies (181ms)
			RebuildTransferFunctionScriptingTraits (0ms)
			SetupTypeCache (641ms)
			ReleaseScriptCaches (2ms)
			RebuildScriptCaches (94ms)
			SetupLoadedEditorAssemblies (544ms)
				LogAssemblyErrors (0ms)
				InitializePlatformSupportModulesInManaged (10ms)
				SetLoadedEditorAssemblies (1ms)
				RefreshPlugins (1ms)
				BeforeProcessingInitializeOnLoad (147ms)
				ProcessInitializeOnLoadAttributes (359ms)
				ProcessInitializeOnLoadMethodAttributes (19ms)
				AfterProcessingInitializeOnLoad (7ms)
				EditorAssembliesLoaded (0ms)
			ExecutionOrderSort2 (0ms)
			AwakeInstancesAfterBackupRestoration (18ms)
Platform modules already initialized, skipping
Refreshing native plugins compatible for Editor in 1.15 ms, found 3 plugins.
Preloading 0 native plugins for Editor in 0.00 ms.
Unloading 2239 Unused Serialized files (Serialized files now loaded: 0)
System memory in use before: 102.5 MB.
System memory in use after: 102.6 MB.

Unloading 20 unused Assets to reduce memory usage. Loaded Objects now: 2789.
Total: 5.527600 ms (FindLiveObjects: 0.383000 ms CreateObjectMapping: 0.134400 ms MarkObjects: 4.753200 ms  DeleteObjects: 0.255300 ms)

AssetImportParameters requested are different than current active one (requested -> active):
  custom:framework-win-MediaFoundation: 216162199b28c13a410421893ffa2e32 -> 
  custom:video-decoder-ogg-theora: a1e56fd34408186e4bbccfd4996cb3dc -> 
  custom:container-muxer-webm: aa71ff27fc2769a1b78a27578f13a17b -> 
  custom:container-demuxer-webm: 4f35f7cbe854078d1ac9338744f61a02 -> 
  custom:container-demuxer-ogg: 62fdf1f143b41e24485cea50d1cbac27 -> 
  custom:video-encoder-webm-vp8: eb34c28f22e8b96e1ab97ce403110664 -> 
  custom:video-decoder-webm-vp8: 9c59270c3fd7afecdb556c50c9e8de78 -> 
  custom:audio-decoder-ogg-vorbis: bf7c407c2cedff20999df2af8eb42d56 -> 
  custom:audio-encoder-webm-vorbis: bf7c407c2cedff20999df2af8eb42d56 -> 
========================================================================
Received Import Request.
  Time since last request: 223.784918 seconds.
  path: Assets/Scenes/DLC_scen.unity
  artifactKey: Guid(f6bb235f5d220de47b54a89c3db4d842) Importer(815301076,1909f56bfc062723c751e8b465ee728b)
Start importing Assets/Scenes/DLC_scen.unity using Guid(f6bb235f5d220de47b54a89c3db4d842) Importer(815301076,1909f56bfc062723c751e8b465ee728b)  -> (artifact id: '2aabab8db9d8fa9a36efad3184b4cbc8') in 0.021567 seconds 
========================================================================
Received Prepare
Registering precompiled user dll's ...
Registered in 0.005662 seconds.
Begin MonoManager ReloadAssembly
Native extension for WindowsStandalone target not found
Native extension for WebGL target not found
Refreshing native plugins compatible for Editor in 1.18 ms, found 3 plugins.
Preloading 0 native plugins for Editor in 0.00 ms.
Mono: successfully reloaded assembly
- Completed reload, in  2.036 seconds
Domain Reload Profiling:
	ReloadAssembly (2037ms)
		BeginReloadAssembly (233ms)
			ExecutionOrderSort (0ms)
			DisableScriptedObjects (10ms)
			BackupInstance (0ms)
			ReleaseScriptingObjects (0ms)
			CreateAndSetChildDomain (57ms)
		EndReloadAssembly (1668ms)
			LoadAssemblies (205ms)
			RebuildTransferFunctionScriptingTraits (0ms)
			SetupTypeCache (663ms)
			ReleaseScriptCaches (2ms)
			RebuildScriptCaches (89ms)
			SetupLoadedEditorAssemblies (541ms)
				LogAssemblyErrors (0ms)
				InitializePlatformSupportModulesInManaged (16ms)
				SetLoadedEditorAssemblies (2ms)
				RefreshPlugins (1ms)
				BeforeProcessingInitializeOnLoad (170ms)
				ProcessInitializeOnLoadAttributes (325ms)
				ProcessInitializeOnLoadMethodAttributes (20ms)
				AfterProcessingInitializeOnLoad (6ms)
				EditorAssembliesLoaded (0ms)
			ExecutionOrderSort2 (0ms)
			AwakeInstancesAfterBackupRestoration (18ms)
Platform modules already initialized, skipping
Refreshing native plugins compatible for Editor in 0.88 ms, found 3 plugins.
Preloading 0 native plugins for Editor in 0.00 ms.
Unloading 2239 Unused Serialized files (Serialized files now loaded: 0)
System memory in use before: 102.5 MB.
System memory in use after: 102.6 MB.

Unloading 20 unused Assets to reduce memory usage. Loaded Objects now: 2791.
Total: 5.046100 ms (FindLiveObjects: 0.389800 ms CreateObjectMapping: 0.161500 ms MarkObjects: 4.267700 ms  DeleteObjects: 0.225600 ms)

AssetImportParameters requested are different than current active one (requested -> active):
  custom:framework-win-MediaFoundation: 216162199b28c13a410421893ffa2e32 -> 
  custom:video-decoder-ogg-theora: a1e56fd34408186e4bbccfd4996cb3dc -> 
  custom:container-muxer-webm: aa71ff27fc2769a1b78a27578f13a17b -> 
  custom:container-demuxer-webm: 4f35f7cbe854078d1ac9338744f61a02 -> 
  custom:container-demuxer-ogg: 62fdf1f143b41e24485cea50d1cbac27 -> 
  custom:video-encoder-webm-vp8: eb34c28f22e8b96e1ab97ce403110664 -> 
  custom:video-decoder-webm-vp8: 9c59270c3fd7afecdb556c50c9e8de78 -> 
  custom:audio-decoder-ogg-vorbis: bf7c407c2cedff20999df2af8eb42d56 -> 
  custom:audio-encoder-webm-vorbis: bf7c407c2cedff20999df2af8eb42d56 -> 
========================================================================
Received Prepare
Registering precompiled user dll's ...
Registered in 0.005565 seconds.
Begin MonoManager ReloadAssembly
Native extension for WindowsStandalone target not found
Native extension for WebGL target not found
Refreshing native plugins compatible for Editor in 0.95 ms, found 3 plugins.
Preloading 0 native plugins for Editor in 0.00 ms.
Mono: successfully reloaded assembly
- Completed reload, in  2.364 seconds
Domain Reload Profiling:
	ReloadAssembly (2366ms)
		BeginReloadAssembly (244ms)
			ExecutionOrderSort (0ms)
			DisableScriptedObjects (30ms)
			BackupInstance (0ms)
			ReleaseScriptingObjects (0ms)
			CreateAndSetChildDomain (67ms)
		EndReloadAssembly (1985ms)
			LoadAssemblies (207ms)
			RebuildTransferFunctionScriptingTraits (0ms)
			SetupTypeCache (712ms)
			ReleaseScriptCaches (2ms)
			RebuildScriptCaches (99ms)
			SetupLoadedEditorAssemblies (725ms)
				LogAssemblyErrors (0ms)
				InitializePlatformSupportModulesInManaged (14ms)
				SetLoadedEditorAssemblies (1ms)
				RefreshPlugins (1ms)
				BeforeProcessingInitializeOnLoad (201ms)
				ProcessInitializeOnLoadAttributes (472ms)
				ProcessInitializeOnLoadMethodAttributes (28ms)
				AfterProcessingInitializeOnLoad (7ms)
				EditorAssembliesLoaded (0ms)
			ExecutionOrderSort2 (0ms)
			AwakeInstancesAfterBackupRestoration (25ms)
Platform modules already initialized, skipping
Refreshing native plugins compatible for Editor in 1.00 ms, found 3 plugins.
Preloading 0 native plugins for Editor in 0.00 ms.
Unloading 2239 Unused Serialized files (Serialized files now loaded: 0)
System memory in use before: 102.5 MB.
System memory in use after: 102.6 MB.

Unloading 20 unused Assets to reduce memory usage. Loaded Objects now: 2793.
Total: 5.545300 ms (FindLiveObjects: 0.487200 ms CreateObjectMapping: 0.276800 ms MarkObjects: 4.562600 ms  DeleteObjects: 0.217200 ms)

AssetImportParameters requested are different than current active one (requested -> active):
  custom:framework-win-MediaFoundation: 216162199b28c13a410421893ffa2e32 -> 
  custom:video-decoder-ogg-theora: a1e56fd34408186e4bbccfd4996cb3dc -> 
  custom:container-muxer-webm: aa71ff27fc2769a1b78a27578f13a17b -> 
  custom:container-demuxer-webm: 4f35f7cbe854078d1ac9338744f61a02 -> 
  custom:container-demuxer-ogg: 62fdf1f143b41e24485cea50d1cbac27 -> 
  custom:video-encoder-webm-vp8: eb34c28f22e8b96e1ab97ce403110664 -> 
  custom:video-decoder-webm-vp8: 9c59270c3fd7afecdb556c50c9e8de78 -> 
  custom:audio-decoder-ogg-vorbis: bf7c407c2cedff20999df2af8eb42d56 -> 
  custom:audio-encoder-webm-vorbis: bf7c407c2cedff20999df2af8eb42d56 -> 
========================================================================
Received Import Request.
  Time since last request: 359.138384 seconds.
  path: Assets/Scenes/GAGame.unity
  artifactKey: Guid(0f7dc11c41f9f884481544cfca11f236) Importer(815301076,1909f56bfc062723c751e8b465ee728b)
Start importing Assets/Scenes/GAGame.unity using Guid(0f7dc11c41f9f884481544cfca11f236) Importer(815301076,1909f56bfc062723c751e8b465ee728b)  -> (artifact id: '2acdd5706e1be4775155f7408d3a76af') in 0.026073 seconds 
========================================================================
Received Import Request.
  Time since last request: 1.050375 seconds.
  path: Assets/Scenes/DLC_scen.unity
  artifactKey: Guid(f6bb235f5d220de47b54a89c3db4d842) Importer(815301076,1909f56bfc062723c751e8b465ee728b)
Start importing Assets/Scenes/DLC_scen.unity using Guid(f6bb235f5d220de47b54a89c3db4d842) Importer(815301076,1909f56bfc062723c751e8b465ee728b)  -> (artifact id: '945ebf609f8c5397992ce904f5e08ac9') in 0.006147 seconds 
========================================================================
Received Import Request.
  Time since last request: 21.839128 seconds.
  path: Assets/Scenes/DLC_scen.unity
  artifactKey: Guid(f6bb235f5d220de47b54a89c3db4d842) Importer(815301076,1909f56bfc062723c751e8b465ee728b)
Start importing Assets/Scenes/DLC_scen.unity using Guid(f6bb235f5d220de47b54a89c3db4d842) Importer(815301076,1909f56bfc062723c751e8b465ee728b)  -> (artifact id: '119b5ca2f69fc3d38558dccb0050218d') in 0.004764 seconds 
========================================================================
Received Import Request.
  Time since last request: 131.769543 seconds.
  path: Assets/Scenes/GeoAsk.unity
  artifactKey: Guid(c44146b1be5de5449a76285420946062) Importer(815301076,1909f56bfc062723c751e8b465ee728b)
Start importing Assets/Scenes/GeoAsk.unity using Guid(c44146b1be5de5449a76285420946062) Importer(815301076,1909f56bfc062723c751e8b465ee728b)  -> (artifact id: '125b75921d4a96e1bc14015f7a70331d') in 0.005219 seconds 
========================================================================
Received Prepare
Registering precompiled user dll's ...
Registered in 0.005694 seconds.
Begin MonoManager ReloadAssembly
Native extension for WindowsStandalone target not found
Native extension for WebGL target not found
Refreshing native plugins compatible for Editor in 0.83 ms, found 3 plugins.
Preloading 0 native plugins for Editor in 0.00 ms.
Mono: successfully reloaded assembly
- Completed reload, in  1.949 seconds
Domain Reload Profiling:
	ReloadAssembly (1949ms)
		BeginReloadAssembly (205ms)
			ExecutionOrderSort (0ms)
			DisableScriptedObjects (12ms)
			BackupInstance (0ms)
			ReleaseScriptingObjects (0ms)
			CreateAndSetChildDomain (64ms)
		EndReloadAssembly (1621ms)
			LoadAssemblies (186ms)
			RebuildTransferFunctionScriptingTraits (0ms)
			SetupTypeCache (625ms)
			ReleaseScriptCaches (2ms)
			RebuildScriptCaches (88ms)
			SetupLoadedEditorAssemblies (547ms)
				LogAssemblyErrors (0ms)
				InitializePlatformSupportModulesInManaged (10ms)
				SetLoadedEditorAssemblies (1ms)
				RefreshPlugins (1ms)
				BeforeProcessingInitializeOnLoad (146ms)
				ProcessInitializeOnLoadAttributes (366ms)
				ProcessInitializeOnLoadMethodAttributes (18ms)
				AfterProcessingInitializeOnLoad (5ms)
				EditorAssembliesLoaded (0ms)
			ExecutionOrderSort2 (0ms)
			AwakeInstancesAfterBackupRestoration (16ms)
Platform modules already initialized, skipping
Refreshing native plugins compatible for Editor in 0.85 ms, found 3 plugins.
Preloading 0 native plugins for Editor in 0.00 ms.
Unloading 2239 Unused Serialized files (Serialized files now loaded: 0)
System memory in use before: 102.5 MB.
System memory in use after: 102.5 MB.

Unloading 20 unused Assets to reduce memory usage. Loaded Objects now: 2795.
Total: 5.361000 ms (FindLiveObjects: 0.427200 ms CreateObjectMapping: 0.143500 ms MarkObjects: 4.561600 ms  DeleteObjects: 0.227200 ms)

AssetImportParameters requested are different than current active one (requested -> active):
  custom:framework-win-MediaFoundation: 216162199b28c13a410421893ffa2e32 -> 
  custom:video-decoder-ogg-theora: a1e56fd34408186e4bbccfd4996cb3dc -> 
  custom:container-muxer-webm: aa71ff27fc2769a1b78a27578f13a17b -> 
  custom:container-demuxer-webm: 4f35f7cbe854078d1ac9338744f61a02 -> 
  custom:container-demuxer-ogg: 62fdf1f143b41e24485cea50d1cbac27 -> 
  custom:video-encoder-webm-vp8: eb34c28f22e8b96e1ab97ce403110664 -> 
  custom:video-decoder-webm-vp8: 9c59270c3fd7afecdb556c50c9e8de78 -> 
  custom:audio-decoder-ogg-vorbis: bf7c407c2cedff20999df2af8eb42d56 -> 
  custom:audio-encoder-webm-vorbis: bf7c407c2cedff20999df2af8eb42d56 -> 
========================================================================
Received Import Request.
  Time since last request: 76.694846 seconds.
  path: Assets/Scenes/GAGame.unity
  artifactKey: Guid(0f7dc11c41f9f884481544cfca11f236) Importer(815301076,1909f56bfc062723c751e8b465ee728b)
Start importing Assets/Scenes/GAGame.unity using Guid(0f7dc11c41f9f884481544cfca11f236) Importer(815301076,1909f56bfc062723c751e8b465ee728b)  -> (artifact id: 'e8f321226a24bf025c32ccc29a06f924') in 0.023580 seconds 
========================================================================
Received Import Request.
  Time since last request: 19.087764 seconds.
  path: Assets/Scenes/GeoAsk.unity
  artifactKey: Guid(c44146b1be5de5449a76285420946062) Importer(815301076,1909f56bfc062723c751e8b465ee728b)
Start importing Assets/Scenes/GeoAsk.unity using Guid(c44146b1be5de5449a76285420946062) Importer(815301076,1909f56bfc062723c751e8b465ee728b)  -> (artifact id: '17f4d6fa4baa72142206c8bc52861780') in 0.004672 seconds 
========================================================================
Received Import Request.
  Time since last request: 5.671273 seconds.
  path: Assets/Scenes/GAGame.unity
  artifactKey: Guid(0f7dc11c41f9f884481544cfca11f236) Importer(815301076,1909f56bfc062723c751e8b465ee728b)
Start importing Assets/Scenes/GAGame.unity using Guid(0f7dc11c41f9f884481544cfca11f236) Importer(815301076,1909f56bfc062723c751e8b465ee728b)  -> (artifact id: '42be9ea406f63a9ef4ca2a400ac9a0fd') in 0.005181 seconds 
========================================================================
Received Import Request.
  Time since last request: 53.533000 seconds.
  path: Assets/Scenes/GeoAsk.unity
  artifactKey: Guid(c44146b1be5de5449a76285420946062) Importer(815301076,1909f56bfc062723c751e8b465ee728b)
Start importing Assets/Scenes/GeoAsk.unity using Guid(c44146b1be5de5449a76285420946062) Importer(815301076,1909f56bfc062723c751e8b465ee728b)  -> (artifact id: '3125d2c6aad7e8a9d1f04e4714e2268d') in 0.005323 seconds 
========================================================================
Received Import Request.
  Time since last request: 243.847156 seconds.
  path: Assets/Scenes/scene_1.unity
  artifactKey: Guid(2cda990e2423bbf4892e6590ba056729) Importer(815301076,1909f56bfc062723c751e8b465ee728b)
Start importing Assets/Scenes/scene_1.unity using Guid(2cda990e2423bbf4892e6590ba056729) Importer(815301076,1909f56bfc062723c751e8b465ee728b)  -> (artifact id: '1aff034742a9fc82ec50f7a37cfe1d59') in 0.005359 seconds 
========================================================================
Received Import Request.
  Time since last request: 210.767687 seconds.
  path: Assets/Scenes/TTGame.unity
  artifactKey: Guid(97baf4ce0cc312340963f5c33f0d0bd1) Importer(815301076,1909f56bfc062723c751e8b465ee728b)
Start importing Assets/Scenes/TTGame.unity using Guid(97baf4ce0cc312340963f5c33f0d0bd1) Importer(815301076,1909f56bfc062723c751e8b465ee728b)  -> (artifact id: '2b64919b9d62731f0ad78afa302eb29a') in 0.004908 seconds 
========================================================================
Received Import Request.
  Time since last request: 93.166256 seconds.
  path: Assets/Scenes/TeaTIme.unity
  artifactKey: Guid(95dc1cc287728a14db20700e9ba01e8d) Importer(815301076,1909f56bfc062723c751e8b465ee728b)
Start importing Assets/Scenes/TeaTIme.unity using Guid(95dc1cc287728a14db20700e9ba01e8d) Importer(815301076,1909f56bfc062723c751e8b465ee728b)  -> (artifact id: '4720151173ab196c5163c34fc8bc9a37') in 0.005438 seconds 
========================================================================
Received Import Request.
  Time since last request: 18.008812 seconds.
  path: Assets/Scenes/MathLAb.unity
  artifactKey: Guid(7cfa430e791097d4eae0ad1fae96c6ce) Importer(815301076,1909f56bfc062723c751e8b465ee728b)
Start importing Assets/Scenes/MathLAb.unity using Guid(7cfa430e791097d4eae0ad1fae96c6ce) Importer(815301076,1909f56bfc062723c751e8b465ee728b)  -> (artifact id: 'c1953a8f4caccf4eb8ddc76b60f9e713') in 0.004352 seconds 
========================================================================
Received Import Request.
  Time since last request: 16.829736 seconds.
  path: Assets/Scenes/MathLAb.unity
  artifactKey: Guid(7cfa430e791097d4eae0ad1fae96c6ce) Importer(815301076,1909f56bfc062723c751e8b465ee728b)
Start importing Assets/Scenes/MathLAb.unity using Guid(7cfa430e791097d4eae0ad1fae96c6ce) Importer(815301076,1909f56bfc062723c751e8b465ee728b)  -> (artifact id: '8c94fc97032884866149472a044a28a5') in 0.006039 seconds 
========================================================================
Received Import Request.
  Time since last request: 1.073463 seconds.
  path: Assets/Scenes/MathGame.unity
  artifactKey: Guid(720bb92155b409c4d84be4a50762a205) Importer(815301076,1909f56bfc062723c751e8b465ee728b)
Start importing Assets/Scenes/MathGame.unity using Guid(720bb92155b409c4d84be4a50762a205) Importer(815301076,1909f56bfc062723c751e8b465ee728b)  -> (artifact id: 'd5628ec604c3e9a6d581cc96acefefba') in 0.005770 seconds 
========================================================================
Received Import Request.
  Time since last request: 9.875367 seconds.
  path: Assets/Scenes/MathGame.unity
  artifactKey: Guid(720bb92155b409c4d84be4a50762a205) Importer(815301076,1909f56bfc062723c751e8b465ee728b)
Start importing Assets/Scenes/MathGame.unity using Guid(720bb92155b409c4d84be4a50762a205) Importer(815301076,1909f56bfc062723c751e8b465ee728b)  -> (artifact id: 'd7b59e100f9f6ebc1d69cbd7caa59863') in 0.005146 seconds 
========================================================================
Received Import Request.
  Time since last request: 12.701475 seconds.
  path: Assets/Scenes/GeoAsk.unity
  artifactKey: Guid(c44146b1be5de5449a76285420946062) Importer(815301076,1909f56bfc062723c751e8b465ee728b)
Start importing Assets/Scenes/GeoAsk.unity using Guid(c44146b1be5de5449a76285420946062) Importer(815301076,1909f56bfc062723c751e8b465ee728b)  -> (artifact id: '044e1618d118466f04367a8648e0a729') in 0.005374 seconds 
========================================================================
Received Import Request.
  Time since last request: 23.398729 seconds.
  path: Assets/Scenes/GAGame.unity
  artifactKey: Guid(0f7dc11c41f9f884481544cfca11f236) Importer(815301076,1909f56bfc062723c751e8b465ee728b)
Start importing Assets/Scenes/GAGame.unity using Guid(0f7dc11c41f9f884481544cfca11f236) Importer(815301076,1909f56bfc062723c751e8b465ee728b)  -> (artifact id: 'd3043698568249cc1ea753f92229b6bc') in 0.004516 seconds 
========================================================================
Received Import Request.
  Time since last request: 5.757821 seconds.
  path: Assets/Scenes/scene_1.unity
  artifactKey: Guid(2cda990e2423bbf4892e6590ba056729) Importer(815301076,1909f56bfc062723c751e8b465ee728b)
Start importing Assets/Scenes/scene_1.unity using Guid(2cda990e2423bbf4892e6590ba056729) Importer(815301076,1909f56bfc062723c751e8b465ee728b)  -> (artifact id: '660a666a0c51a1c59580b370207c9beb') in 0.004514 seconds 
========================================================================
Received Import Request.
  Time since last request: 1.289347 seconds.
  path: Assets/Scenes/TTGame.unity
  artifactKey: Guid(97baf4ce0cc312340963f5c33f0d0bd1) Importer(815301076,1909f56bfc062723c751e8b465ee728b)
Start importing Assets/Scenes/TTGame.unity using Guid(97baf4ce0cc312340963f5c33f0d0bd1) Importer(815301076,1909f56bfc062723c751e8b465ee728b)  -> (artifact id: 'f12539532f25201fdebb5a979c5c0223') in 0.005071 seconds 
========================================================================
Received Prepare
Registering precompiled user dll's ...
Registered in 0.004905 seconds.
Begin MonoManager ReloadAssembly
Native extension for WindowsStandalone target not found
Native extension for WebGL target not found
Refreshing native plugins compatible for Editor in 0.85 ms, found 3 plugins.
Preloading 0 native plugins for Editor in 0.00 ms.
Mono: successfully reloaded assembly
- Completed reload, in  1.672 seconds
Domain Reload Profiling:
	ReloadAssembly (1673ms)
		BeginReloadAssembly (175ms)
			ExecutionOrderSort (0ms)
			DisableScriptedObjects (10ms)
			BackupInstance (0ms)
			ReleaseScriptingObjects (0ms)
			CreateAndSetChildDomain (56ms)
		EndReloadAssembly (1397ms)
			LoadAssemblies (150ms)
			RebuildTransferFunctionScriptingTraits (0ms)
			SetupTypeCache (545ms)
			ReleaseScriptCaches (2ms)
			RebuildScriptCaches (77ms)
			SetupLoadedEditorAssemblies (458ms)
				LogAssemblyErrors (0ms)
				InitializePlatformSupportModulesInManaged (8ms)
				SetLoadedEditorAssemblies (1ms)
				RefreshPlugins (1ms)
				BeforeProcessingInitializeOnLoad (129ms)
				ProcessInitializeOnLoadAttributes (299ms)
				ProcessInitializeOnLoadMethodAttributes (16ms)
				AfterProcessingInitializeOnLoad (5ms)
				EditorAssembliesLoaded (0ms)
			ExecutionOrderSort2 (0ms)
			AwakeInstancesAfterBackupRestoration (14ms)
Platform modules already initialized, skipping
Refreshing native plugins compatible for Editor in 0.93 ms, found 3 plugins.
Preloading 0 native plugins for Editor in 0.00 ms.
Unloading 2239 Unused Serialized files (Serialized files now loaded: 0)
System memory in use before: 102.5 MB.
System memory in use after: 102.6 MB.

Unloading 20 unused Assets to reduce memory usage. Loaded Objects now: 2797.
Total: 4.598800 ms (FindLiveObjects: 0.372800 ms CreateObjectMapping: 0.131500 ms MarkObjects: 3.873000 ms  DeleteObjects: 0.220300 ms)

AssetImportParameters requested are different than current active one (requested -> active):
  custom:framework-win-MediaFoundation: 216162199b28c13a410421893ffa2e32 -> 
  custom:video-decoder-ogg-theora: a1e56fd34408186e4bbccfd4996cb3dc -> 
  custom:container-muxer-webm: aa71ff27fc2769a1b78a27578f13a17b -> 
  custom:container-demuxer-webm: 4f35f7cbe854078d1ac9338744f61a02 -> 
  custom:container-demuxer-ogg: 62fdf1f143b41e24485cea50d1cbac27 -> 
  custom:video-encoder-webm-vp8: eb34c28f22e8b96e1ab97ce403110664 -> 
  custom:video-decoder-webm-vp8: 9c59270c3fd7afecdb556c50c9e8de78 -> 
  custom:audio-decoder-ogg-vorbis: bf7c407c2cedff20999df2af8eb42d56 -> 
  custom:audio-encoder-webm-vorbis: bf7c407c2cedff20999df2af8eb42d56 -> 
AssetImportWorkerClient::OnTransportError - code=2 error=End of file
